
Running 246 tests using 1 worker

[1A[2K[1/246] [chromium] › tests\canvas\00-canvas-renders.spec.ts:16:3 › 00 - Canvas Renders (REQ-CANVAS-001) › app shell renders with all components

[1A[2K[2/246] [chromium] › tests\canvas\00-canvas-renders.spec.ts:37:3 › 00 - Canvas Renders (REQ-CANVAS-001) › canvas has non-zero dimensions

[1A[2K[3/246] [chromium] › tests\canvas\00-canvas-renders.spec.ts:45:3 › 00 - Canvas Renders (REQ-CANVAS-001) › draw tool is enabled

[1A[2K[4/246] [chromium] › tests\canvas\01-canvas-pan.spec.ts:17:3 › 01 - Canvas Pan (REQ-CANVAS-002) › dragging canvas background changes viewport position

[1A[2K[5/246] [chromium] › tests\canvas\01-canvas-pan.spec.ts:45:3 › 01 - Canvas Pan (REQ-CANVAS-002) › viewport position reflects drag direction

[1A[2K[6/246] [chromium] › tests\canvas\02-canvas-zoom.spec.ts:18:3 › 02 - Canvas Zoom (REQ-CANVAS-003, REQ-CANVAS-004) › initial scale is 1

[1A[2K[7/246] [chromium] › tests\canvas\02-canvas-zoom.spec.ts:23:3 › 02 - Canvas Zoom (REQ-CANVAS-003, REQ-CANVAS-004) › Ctrl+wheel zoom in increases scale

[1A[2K[8/246] [chromium] › tests\canvas\02-canvas-zoom.spec.ts:43:3 › 02 - Canvas Zoom (REQ-CANVAS-003, REQ-CANVAS-004) › Ctrl+wheel zoom out decreases scale

[1A[2K[9/246] [chromium] › tests\canvas\02-canvas-zoom.spec.ts:63:3 › 02 - Canvas Zoom (REQ-CANVAS-003, REQ-CANVAS-004) › scale is clamped within [0.1, 5.0]

[1A[2K  1) [chromium] › tests\canvas\02-canvas-zoom.spec.ts:63:3 › 02 - Canvas Zoom (REQ-CANVAS-003, REQ-CANVAS-004) › scale is clamped within [0.1, 5.0] 

    [31mTest timeout of 15000ms exceeded.[39m

    Error: mouse.wheel: Test timeout of 15000ms exceeded.

      84 |     await page.keyboard.down('Control');
      85 |     for (let i = 0; i < 100; i++) {
    > 86 |       await page.mouse.wheel(0, -200);
         |                        ^
      87 |     }
      88 |     await page.keyboard.up('Control');
      89 |     await page.waitForTimeout(300);
        at C:\dev\private-repo\PowerNote\tests\canvas\02-canvas-zoom.spec.ts:86:24

    Error Context: test-results\canvas-02-canvas-zoom-02---fb433--is-clamped-within-0-1-5-0--chromium\error-context.md


[1A[2K[10/246] [chromium] › tests\canvas\33-page-guides.spec.ts:17:3 › 33 - Page Guides (REQ-CANVAS-010) › background layer canvas is rendered

[1A[2K[11/246] [chromium] › tests\canvas\33-page-guides.spec.ts:27:3 › 33 - Page Guides (REQ-CANVAS-010) › A4 page guide Rect elements exist on background layer

[1A[2K[12/246] [chromium] › tests\canvas\33-page-guides.spec.ts:59:3 › 33 - Page Guides (REQ-CANVAS-010) › first canvas (background layer) has rendered content

[1A[2K[13/246] [chromium] › tests\canvas\57-undo-redo-edges.spec.ts:17:3 › 57 - Undo/Redo Edge Cases (REQ-CANVAS-007..009) › undo with empty history does nothing

[1A[2K[14/246] [chromium] › tests\canvas\57-undo-redo-edges.spec.ts:30:3 › 57 - Undo/Redo Edge Cases (REQ-CANVAS-007..009) › redo with empty redo stack does nothing

[1A[2K[15/246] [chromium] › tests\canvas\57-undo-redo-edges.spec.ts:43:3 › 57 - Undo/Redo Edge Cases (REQ-CANVAS-007..009) › undo after page switch starts fresh (no effect)

[1A[2K[16/246] [chromium] › tests\canvas\57-undo-redo-edges.spec.ts:92:3 › 57 - Undo/Redo Edge Cases (REQ-CANVAS-007..009) › multiple rapid undos do not crash

[1A[2K[17/246] [chromium] › tests\canvas\57-undo-redo-edges.spec.ts:121:3 › 57 - Undo/Redo Edge Cases (REQ-CANVAS-007..009) › undo then redo then undo produces consistent state

[1A[2K  2) [chromium] › tests\canvas\57-undo-redo-edges.spec.ts:121:3 › 57 - Undo/Redo Edge Cases (REQ-CANVAS-007..009) › undo then redo then undo produces consistent state 

    [31mTest timeout of 15000ms exceeded.[39m

    Error: keyboard.press: Test timeout of 15000ms exceeded.

      136 |
      137 |     // Undo → 0 nodes
    > 138 |     await page.keyboard.press('Control+z');
          |                         ^
      139 |     await page.waitForTimeout(200);
      140 |     store = await getCanvasStore(page);
      141 |     expect(store.nodes).toHaveLength(0);
        at C:\dev\private-repo\PowerNote\tests\canvas\57-undo-redo-edges.spec.ts:138:25

    Error Context: test-results\canvas-57-undo-redo-edges--bc1c6-o-produces-consistent-state-chromium\error-context.md


[1A[2K[18/246] [chromium] › tests\canvas\57-undo-redo-edges.spec.ts:156:3 › 57 - Undo/Redo Edge Cases (REQ-CANVAS-007..009) › redo stack clears after a new action

[1A[2K[19/246] [chromium] › tests\canvas\60-zoom-to-fit.spec.ts:17:3 › 60 - Zoom to Fit (REQ-CANVAS-012) › zoom-to-fit button exists in the top bar

[1A[2K[20/246] [chromium] › tests\canvas\60-zoom-to-fit.spec.ts:22:3 › 60 - Zoom to Fit (REQ-CANVAS-012) › clicking zoom-to-fit with nodes changes viewport scale

[1A[2K[21/246] [chromium] › tests\canvas\60-zoom-to-fit.spec.ts:54:3 › 60 - Zoom to Fit (REQ-CANVAS-012) › zoom-to-fit with no nodes does not crash

[1A[2K[22/246] [chromium] › tests\canvas\60-zoom-to-fit.spec.ts:70:3 › 60 - Zoom to Fit (REQ-CANVAS-012) › zoom-to-fit with single node centers it

[1A[2K[23/246] [chromium] › tests\canvas\60-zoom-to-fit.spec.ts:93:3 › 60 - Zoom to Fit (REQ-CANVAS-012) › zoom-to-fit works with mixed node types (text + shapes)

[1A[2K[24/246] [chromium] › tests\canvas\62-tool-state-machine.spec.ts:18:3 › 62 - Tool State Machine (REQ-CANVAS-006, REQ-TEXT-010..011) › default tool is select

[1A[2K[25/246] [chromium] › tests\canvas\62-tool-state-machine.spec.ts:23:3 › 62 - Tool State Machine (REQ-CANVAS-006, REQ-TEXT-010..011) › clicking text tool activates it

[1A[2K[26/246] [chromium] › tests\canvas\62-tool-state-machine.spec.ts:31:3 › 62 - Tool State Machine (REQ-CANVAS-006, REQ-TEXT-010..011) › clicking text tool again returns to select

[1A[2K[27/246] [chromium] › tests\canvas\62-tool-state-machine.spec.ts:47:3 › 62 - Tool State Machine (REQ-CANVAS-006, REQ-TEXT-010..011) › T key toggles text tool

[1A[2K[28/246] [chromium] › tests\canvas\62-tool-state-machine.spec.ts:63:3 › 62 - Tool State Machine (REQ-CANVAS-006, REQ-TEXT-010..011) › in draw mode, nodes are not selectable

[1A[2K[29/246] [chromium] › tests\canvas\62-tool-state-machine.spec.ts:97:3 › 62 - Tool State Machine (REQ-CANVAS-006, REQ-TEXT-010..011) › in select mode, nodes are draggable (verified via store)

[1A[2K[30/246] [chromium] › tests\canvas\62-tool-state-machine.spec.ts:133:3 › 62 - Tool State Machine (REQ-CANVAS-006, REQ-TEXT-010..011) › shape tool is activatable via store

[1A[2K[31/246] [chromium] › tests\canvas\62-tool-state-machine.spec.ts:142:3 › 62 - Tool State Machine (REQ-CANVAS-006, REQ-TEXT-010..011) › switching tools deselects nodes

[1A[2K[32/246] [chromium] › tests\canvas\62-tool-state-machine.spec.ts:169:3 › 62 - Tool State Machine (REQ-CANVAS-006, REQ-TEXT-010..011) › text tool reverts to select after placing one text (one-shot)

[1A[2K[33/246] [chromium] › tests\canvas\64-pinch-zoom.spec.ts:17:3 › 64 - Wheel Zoom + Scale Bounds (REQ-CANVAS-003, REQ-CANVAS-004) › wheel zoom changes scale

[1A[2K[34/246] [chromium] › tests\canvas\64-pinch-zoom.spec.ts:40:3 › 64 - Wheel Zoom + Scale Bounds (REQ-CANVAS-003, REQ-CANVAS-004) › scale stays within bounds after many zoom-ins

[1A[2K[35/246] [chromium] › tests\canvas\64-pinch-zoom.spec.ts:62:3 › 64 - Wheel Zoom + Scale Bounds (REQ-CANVAS-003, REQ-CANVAS-004) › scale stays within bounds after many zoom-outs

[1A[2K[36/246] [chromium] › tests\canvas\64-pinch-zoom.spec.ts:84:3 › 64 - Wheel Zoom + Scale Bounds (REQ-CANVAS-003, REQ-CANVAS-004) › zoom in then zoom out returns near original scale

[1A[2K[37/246] [chromium] › tests\canvas\64-pinch-zoom.spec.ts:118:3 › 64 - Wheel Zoom + Scale Bounds (REQ-CANVAS-003, REQ-CANVAS-004) › viewport position changes with zoom

[1A[2K[38/246] [chromium] › tests\canvas\64-pinch-zoom.spec.ts:144:3 › 64 - Wheel Zoom + Scale Bounds (REQ-CANVAS-003, REQ-CANVAS-004) › scale is a positive number after all operations

[1A[2K[39/246] [chromium] › tests\canvas\71-canvas-scroll-pan.spec.ts:14:3 › 71 - Canvas Scroll Pan › scroll down moves viewport up (pans down)

[1A[2K[40/246] [chromium] › tests\canvas\71-canvas-scroll-pan.spec.ts:25:3 › 71 - Canvas Scroll Pan › scroll up moves viewport down (pans up)

[1A[2K[41/246] [chromium] › tests\canvas\71-canvas-scroll-pan.spec.ts:35:3 › 71 - Canvas Scroll Pan › shift+scroll moves viewport horizontally

[1A[2K[42/246] [chromium] › tests\canvas\72-ctrl-alt-duplicate.spec.ts:14:3 › 72 - Ctrl+Alt+Drag Duplicate › Ctrl+Alt+drag on a text node duplicates it

[1A[2K[43/246] [chromium] › tests\canvas\72-ctrl-alt-duplicate.spec.ts:46:3 › 72 - Ctrl+Alt+Drag Duplicate › Ctrl+Alt+drag on a shape duplicates it

[1A[2K[44/246] [chromium] › tests\canvas\74-lasso-select-nodes.spec.ts:14:3 › 74 - Lasso Select Nodes › lasso rect intersection selects multiple nodes

[1A[2K[45/246] [chromium] › tests\canvas\74-lasso-select-nodes.spec.ts:59:3 › 74 - Lasso Select Nodes › lasso selection can then be moved as a group

[1A[2K[46/246] [chromium] › tests\demo\50-full-showcase.spec.ts:22:3 › 50 - Full PowerNote Showcase Demo › complete feature walkthrough

[1A[2K[47/246] [chromium] › tests\file\35-save-export.spec.ts:20:3 › 35 - Save / Export (REQ-FILE-001..003) › save button is visible in the top bar

[1A[2K[48/246] [chromium] › tests\file\35-save-export.spec.ts:25:3 › 35 - Save / Export (REQ-FILE-001..003) › clicking save triggers a file download with embedded data

[1A[2K[49/246] [chromium] › tests\file\36-load-import.spec.ts:22:3 › 36 - Load / Import (REQ-FILE-005..006) › importing a valid PowerNote HTML file hydrates the workspace

[1A[2K[50/246] [chromium] › tests\file\37-round-trip.spec.ts:19:3 › 37 - Full Round-Trip (REQ-FILE-004, REQ-FILE-007) › save → reopen → verify: complete notebook round-trip

[1A[2K[51/246] [chromium] › tests\file\38-workflow-persistence.spec.ts:84:3 › 38 - Workflow Persistence: EV Motor Control Report › complete 4-cycle save/reopen workflow with scientific content

[1A[2K[52/246] [chromium] › tests\file\39-standalone-export.spec.ts:22:3 › 39 - Standalone Export (REQ-FILE-007, REQ-FILE-008) › exported HTML renders and contains user data when opened as file://

[1A[2K[53/246] [chromium] › tests\file\61-auto-save.spec.ts:26:3 › 61 - Auto-Save to localStorage (REQ-FILE-009..011) › localStorage has no auto-save data initially

[1A[2K[54/246] [chromium] › tests\file\61-auto-save.spec.ts:31:3 › 61 - Auto-Save to localStorage (REQ-FILE-009..011) › auto-save writes workspace data to localStorage

[1A[2K[55/246] [chromium] › tests\file\61-auto-save.spec.ts:61:3 › 61 - Auto-Save to localStorage (REQ-FILE-009..011) › auto-save data contains valid JSON with workspace structure

[1A[2K[56/246] [chromium] › tests\file\61-auto-save.spec.ts:100:3 › 61 - Auto-Save to localStorage (REQ-FILE-009..011) › localStorage is cleared after file export

[1A[2K[57/246] [chromium] › tests\file\69-update-hotswap.spec.ts:29:3 › 69 - Update Hot-Swap (REQ-UPDATE-001) › data injection into template preserves all workspace content

[1A[2K[58/246] [chromium] › tests\file\69-update-hotswap.spec.ts:112:3 › 69 - Update Hot-Swap (REQ-UPDATE-001) › buildExportHtml injects data into dist-template correctly

[1A[2K[59/246] [chromium] › tests\file\70-standalone-open.spec.ts:35:3 › 70 - Standalone HTML Opens Correctly › template with injected data boots and shows content
[1A[2K[chromium] › tests\file\70-standalone-open.spec.ts:35:3 › 70 - Standalone HTML Opens Correctly › template with injected data boots and shows content
[Test 70] Template size: 2309986, </head> at: 1483697

[1A[2K[Test 70] After injection: 2310856 bytes

[1A[2K[Test 70] Console errors: [
  [32m'Failed to load resource: the server responded with a status of 403 ()'[39m
]

[1A[2K[60/246] [chromium] › tests\file\77-notebook-library.spec.ts:16:3 › 77 - Notebook Library › saveToLibrary stores a workspace snapshot

[1A[2K[61/246] [chromium] › tests\file\77-notebook-library.spec.ts:28:3 › 77 - Notebook Library › library caps at 5 entries (LRU eviction)

[1A[2K[62/246] [chromium] › tests\file\77-notebook-library.spec.ts:50:3 › 77 - Notebook Library › upsert by name updates existing entry

[1A[2K[63/246] [chromium] › tests\file\77-notebook-library.spec.ts:66:3 › 77 - Notebook Library › deleteFromLibrary removes entry

[1A[2K[64/246] [chromium] › tests\file\77-notebook-library.spec.ts:81:3 › 77 - Notebook Library › library panel opens from NavRail

[1A[2K[65/246] [chromium] › tests\file\79-fsa-capability.spec.ts:9:3 › 79 - FSA Capability Detection › isFSASupported returns true in Chromium with FSA available

[1A[2K[66/246] [chromium] › tests\file\79-fsa-capability.spec.ts:20:3 › 79 - FSA Capability Detection › isFSASupported returns false when FSA is disabled

[1A[2K[67/246] [chromium] › tests\file\79-fsa-capability.spec.ts:32:3 › 79 - FSA Capability Detection › Save As menu item is hidden when FSA unavailable

[1A[2K[68/246] [chromium] › tests\file\79-fsa-capability.spec.ts:46:3 › 79 - FSA Capability Detection › Save As menu item is visible when FSA available

[1A[2K[69/246] [chromium] › tests\file\80-fsa-handle-store.spec.ts:24:3 › 80 - FileHandleStore › setCurrentHandle + getCurrentHandle round-trip

[1A[2K  3) [chromium] › tests\file\80-fsa-handle-store.spec.ts:24:3 › 80 - FileHandleStore › setCurrentHandle + getCurrentHandle round-trip 

    [31mTest timeout of 15000ms exceeded.[39m

    Error: page.evaluate: Test timeout of 15000ms exceeded.

      23 |
      24 |   test('setCurrentHandle + getCurrentHandle round-trip', async ({ page }) => {
    > 25 |     const result = await page.evaluate(async () => {
         |                               ^
      26 |       const mod = await import('/src/utils/fileHandleStore.ts');
      27 |       // Use a plain object as a mock handle (IDB can structure-clone it)
      28 |       const mockHandle = { name: 'test.html', kind: 'file' } as any;
        at C:\dev\private-repo\PowerNote\tests\file\80-fsa-handle-store.spec.ts:25:31

    Error Context: test-results\file-80-fsa-handle-store-8-c3350-getCurrentHandle-round-trip-chromium\error-context.md


[1A[2K[70/246] [chromium] › tests\file\80-fsa-handle-store.spec.ts:36:3 › 80 - FileHandleStore › clearCurrentHandle removes the handle

[1A[2K  4) [chromium] › tests\file\80-fsa-handle-store.spec.ts:36:3 › 80 - FileHandleStore › clearCurrentHandle removes the handle 

    [31mTest timeout of 15000ms exceeded.[39m

    Error: page.evaluate: Test timeout of 15000ms exceeded.

      35 |
      36 |   test('clearCurrentHandle removes the handle', async ({ page }) => {
    > 37 |     const result = await page.evaluate(async () => {
         |                               ^
      38 |       const mod = await import('/src/utils/fileHandleStore.ts');
      39 |       const mockHandle = { name: 'clearable.html', kind: 'file' } as any;
      40 |       await mod.setCurrentHandle(mockHandle);
        at C:\dev\private-repo\PowerNote\tests\file\80-fsa-handle-store.spec.ts:37:31

    Error Context: test-results\file-80-fsa-handle-store-8-ccbbd-ntHandle-removes-the-handle-chromium\error-context.md


[1A[2K[71/246] [chromium] › tests\file\80-fsa-handle-store.spec.ts:48:3 › 80 - FileHandleStore › addRecentHandle stores up to 5 (LRU eviction)

[1A[2K  5) [chromium] › tests\file\80-fsa-handle-store.spec.ts:48:3 › 80 - FileHandleStore › addRecentHandle stores up to 5 (LRU eviction) 

    [31mTest timeout of 15000ms exceeded.[39m

    Error: page.evaluate: Test timeout of 15000ms exceeded.

      47 |
      48 |   test('addRecentHandle stores up to 5 (LRU eviction)', async ({ page }) => {
    > 49 |     const result = await page.evaluate(async () => {
         |                               ^
      50 |       const mod = await import('/src/utils/fileHandleStore.ts');
      51 |       for (let i = 1; i <= 7; i++) {
      52 |         const mockHandle = { name: `file-${i}.html`, kind: 'file' } as any;
        at C:\dev\private-repo\PowerNote\tests\file\80-fsa-handle-store.spec.ts:49:31

    Error Context: test-results\file-80-fsa-handle-store-8-5445d-tores-up-to-5-LRU-eviction--chromium\error-context.md


[1A[2K[72/246] [chromium] › tests\file\80-fsa-handle-store.spec.ts:67:3 › 80 - FileHandleStore › addRecentHandle upserts by name
[1A[2K  6) [chromium] › tests\file\80-fsa-handle-store.spec.ts:67:3 › 80 - FileHandleStore › addRecentHandle upserts by name 

    [31mTest timeout of 15000ms exceeded.[39m

    Error: page.evaluate: Test timeout of 15000ms exceeded.

      66 |
      67 |   test('addRecentHandle upserts by name', async ({ page }) => {
    > 68 |     const result = await page.evaluate(async () => {
         |                               ^
      69 |       const mod = await import('/src/utils/fileHandleStore.ts');
      70 |       const h1 = { name: 'old-handle.html', kind: 'file' } as any;
      71 |       const h2 = { name: 'new-handle.html', kind: 'file' } as any;
        at C:\dev\private-repo\PowerNote\tests\file\80-fsa-handle-store.spec.ts:68:31

    Error Context: test-results\file-80-fsa-handle-store-8-3679c-ecentHandle-upserts-by-name-chromium\error-context.md


[1A[2K[73/246] [chromium] › tests\file\80-fsa-handle-store.spec.ts:81:3 › 80 - FileHandleStore › removeRecentHandle deletes by id
[1A[2K  7) [chromium] › tests\file\80-fsa-handle-store.spec.ts:81:3 › 80 - FileHandleStore › removeRecentHandle deletes by id 

    [31mTest timeout of 15000ms exceeded.[39m

    Error: page.evaluate: Test timeout of 15000ms exceeded.

      80 |
      81 |   test('removeRecentHandle deletes by id', async ({ page }) => {
    > 82 |     const result = await page.evaluate(async () => {
         |                               ^
      83 |       const mod = await import('/src/utils/fileHandleStore.ts');
      84 |       await mod.addRecentHandle('Keep Me', { name: 'keep.html', kind: 'file' } as any);
      85 |       await new Promise((r) => setTimeout(r, 5));
        at C:\dev\private-repo\PowerNote\tests\file\80-fsa-handle-store.spec.ts:82:31

    Error Context: test-results\file-80-fsa-handle-store-8-60849-eRecentHandle-deletes-by-id-chromium\error-context.md


[1A[2K[74/246] [chromium] › tests\hierarchy\07-hierarchy-toggle.spec.ts:18:3 › 07 - Hierarchy Toggle (REQ-HIER-002, REQ-HIER-003) › hierarchy panel is hidden by default
[1A[2K[75/246] [chromium] › tests\hierarchy\07-hierarchy-toggle.spec.ts:23:3 › 07 - Hierarchy Toggle (REQ-HIER-002, REQ-HIER-003) › clicking hierarchy button opens the panel
[1A[2K[76/246] [chromium] › tests\hierarchy\07-hierarchy-toggle.spec.ts:33:3 › 07 - Hierarchy Toggle (REQ-HIER-002, REQ-HIER-003) › clicking hierarchy button again closes the panel
[1A[2K[77/246] [chromium] › tests\hierarchy\08-hierarchy-navigate.spec.ts:18:3 › 08 - Hierarchy Navigate (REQ-HIER-004, REQ-HIER-011) › navigating to a new section page updates the breadcrumb
[1A[2K[78/246] [chromium] › tests\hierarchy\08-hierarchy-navigate.spec.ts:46:3 › 08 - Hierarchy Navigate (REQ-HIER-004, REQ-HIER-011) › page content is preserved when navigating between pages
[1A[2K[79/246] [chromium] › tests\hierarchy\09-hierarchy-add.spec.ts:18:3 › 09 - Hierarchy Add (REQ-HIER-005, REQ-HIER-006) › initial state has 1 section with 1 page
[1A[2K[80/246] [chromium] › tests\hierarchy\09-hierarchy-add.spec.ts:24:3 › 09 - Hierarchy Add (REQ-HIER-005, REQ-HIER-006) › add-section-btn creates a new section
[1A[2K[81/246] [chromium] › tests\hierarchy\09-hierarchy-add.spec.ts:41:3 › 09 - Hierarchy Add (REQ-HIER-005, REQ-HIER-006) › add-page button within a section creates a new page
[1A[2K[82/246] [chromium] › tests\hierarchy\09-hierarchy-add.spec.ts:57:3 › 09 - Hierarchy Add (REQ-HIER-005, REQ-HIER-006) › can add multiple sections and pages
[1A[2K[83/246] [chromium] › tests\hierarchy\12-hierarchy-rename-section.spec.ts:19:3 › 12 - Hierarchy Rename Section (REQ-HIER-007) › double-clicking section title shows rename input
[1A[2K[84/246] [chromium] › tests\hierarchy\12-hierarchy-rename-section.spec.ts:33:3 › 12 - Hierarchy Rename Section (REQ-HIER-007) › typing a new name and pressing Enter renames the section
[1A[2K[85/246] [chromium] › tests\hierarchy\12-hierarchy-rename-section.spec.ts:55:3 › 12 - Hierarchy Rename Section (REQ-HIER-007) › renamed section is reflected in the workspace store
[1A[2K[86/246] [chromium] › tests\hierarchy\12-hierarchy-rename-section.spec.ts:77:3 › 12 - Hierarchy Rename Section (REQ-HIER-007) › breadcrumb updates after renaming the active section
[1A[2K[87/246] [chromium] › tests\hierarchy\13-hierarchy-delete-section.spec.ts:18:3 › 13 - Hierarchy Delete Section (REQ-HIER-008) › deleting a section removes it from the panel
[1A[2K[88/246] [chromium] › tests\hierarchy\13-hierarchy-delete-section.spec.ts:41:3 › 13 - Hierarchy Delete Section (REQ-HIER-008) › cannot delete the last remaining section
[1A[2K[89/246] [chromium] › tests\hierarchy\13-hierarchy-delete-section.spec.ts:60:3 › 13 - Hierarchy Delete Section (REQ-HIER-008) › deleting a section updates the section count in the panel
[1A[2K[90/246] [chromium] › tests\hierarchy\14-hierarchy-rename-page.spec.ts:19:3 › 14 - Hierarchy Rename Page (REQ-HIER-009) › clicking rename-page-btn shows rename input
[1A[2K[91/246] [chromium] › tests\hierarchy\14-hierarchy-rename-page.spec.ts:32:3 › 14 - Hierarchy Rename Page (REQ-HIER-009) › typing a new name and pressing Enter renames the page
[1A[2K[92/246] [chromium] › tests\hierarchy\14-hierarchy-rename-page.spec.ts:53:3 › 14 - Hierarchy Rename Page (REQ-HIER-009) › breadcrumb updates after renaming the active page
[1A[2K[93/246] [chromium] › tests\hierarchy\15-hierarchy-delete-page.spec.ts:18:3 › 15 - Hierarchy Delete Page (REQ-HIER-010) › deleting a page removes it from the section
[1A[2K[94/246] [chromium] › tests\hierarchy\15-hierarchy-delete-page.spec.ts:41:3 › 15 - Hierarchy Delete Page (REQ-HIER-010) › cannot delete the last remaining page in a section
[1A[2K[95/246] [chromium] › tests\hierarchy\15-hierarchy-delete-page.spec.ts:60:3 › 15 - Hierarchy Delete Page (REQ-HIER-010) › deleting a page updates the page count in the section
[1A[2K[96/246] [chromium] › tests\image\40-image-add.spec.ts:19:3 › 40 - Image Add (REQ-IMAGE-001, REQ-IMAGE-002) › adding an image node via store creates an image on canvas
[1A[2K[97/246] [chromium] › tests\image\40-image-add.spec.ts:38:3 › 40 - Image Add (REQ-IMAGE-001, REQ-IMAGE-002) › image node is selectable by clicking
[1A[2K[98/246] [chromium] › tests\image\40-image-add.spec.ts:59:3 › 40 - Image Add (REQ-IMAGE-001, REQ-IMAGE-002) › image node survives save/load round-trip
[1A[2K[99/246] [chromium] › tests\search\30-search-page.spec.ts:41:3 › 30 - Search Page (REQ-SEARCH-001) › Ctrl+F opens search panel
[1A[2K[100/246] [chromium] › tests\search\30-search-page.spec.ts:48:3 › 30 - Search Page (REQ-SEARCH-001) › typing "Alpha" shows 1 result
[1A[2K[101/246] [chromium] › tests\search\30-search-page.spec.ts:61:3 › 30 - Search Page (REQ-SEARCH-001) › typing "content" shows 2 results
[1A[2K[102/246] [chromium] › tests\search\30-search-page.spec.ts:73:3 › 30 - Search Page (REQ-SEARCH-001) › Escape closes the search panel
[1A[2K[103/246] [chromium] › tests\search\31-search-notebook.spec.ts:47:3 › 31 - Search Notebook (REQ-SEARCH-002) › Ctrl+Shift+F opens search panel
[1A[2K[104/246] [chromium] › tests\search\31-search-notebook.spec.ts:54:3 › 31 - Search Notebook (REQ-SEARCH-002) › searching for "needle" finds 1 result from the second section
[1A[2K[105/246] [chromium] › tests\search\31-search-notebook.spec.ts:72:3 › 31 - Search Notebook (REQ-SEARCH-002) › clicking a result navigates to the target page
[1A[2K[106/246] [chromium] › tests\search\34-search-active-page.spec.ts:17:3 › 34 - Search Active Page Unsaved Nodes › notebook search finds text on current page without saving first
[1A[2K[107/246] [chromium] › tests\search\76-find-replace.spec.ts:14:3 › 76 - Find & Replace › Replace All updates all matching text nodes
[1A[2K[108/246] [chromium] › tests\search\76-find-replace.spec.ts:66:3 › 76 - Find & Replace › Toggle replace shows/hides replace input
[1A[2K[109/246] [chromium] › tests\shapes\51-shape-create.spec.ts:60:5 › 51 - Shape Create (REQ-SHAPE-001..003, 008..011, 013, 015) › adding a rect shape via store creates a node
[1A[2K[110/246] [chromium] › tests\shapes\51-shape-create.spec.ts:60:5 › 51 - Shape Create (REQ-SHAPE-001..003, 008..011, 013, 015) › adding a circle shape via store creates a node
[1A[2K[111/246] [chromium] › tests\shapes\51-shape-create.spec.ts:60:5 › 51 - Shape Create (REQ-SHAPE-001..003, 008..011, 013, 015) › adding a triangle shape via store creates a node
[1A[2K[112/246] [chromium] › tests\shapes\51-shape-create.spec.ts:60:5 › 51 - Shape Create (REQ-SHAPE-001..003, 008..011, 013, 015) › adding a arrow shape via store creates a node
[1A[2K[113/246] [chromium] › tests\shapes\51-shape-create.spec.ts:60:5 › 51 - Shape Create (REQ-SHAPE-001..003, 008..011, 013, 015) › adding a line shape via store creates a node
[1A[2K[114/246] [chromium] › tests\shapes\51-shape-create.spec.ts:71:3 › 51 - Shape Create (REQ-SHAPE-001..003, 008..011, 013, 015) › shape node has correct initial properties (REQ-SHAPE-003)
[1A[2K[115/246] [chromium] › tests\shapes\51-shape-create.spec.ts:101:3 › 51 - Shape Create (REQ-SHAPE-001..003, 008..011, 013, 015) › shape node is selectable by clicking (REQ-SHAPE-008)
[1A[2K[116/246] [chromium] › tests\shapes\51-shape-create.spec.ts:120:3 › 51 - Shape Create (REQ-SHAPE-001..003, 008..011, 013, 015) › shape node is deleted with Delete key (REQ-SHAPE-011)
[1A[2K[117/246] [chromium] › tests\shapes\51-shape-create.spec.ts:147:3 › 51 - Shape Create (REQ-SHAPE-001..003, 008..011, 013, 015) › copy-paste duplicates shape with offset (REQ-SHAPE-013)
[1A[2K[118/246] [chromium] › tests\shapes\51-shape-create.spec.ts:188:3 › 51 - Shape Create (REQ-SHAPE-001..003, 008..011, 013, 015) › shape default layer is 3 (z-index system)
[1A[2K[119/246] [chromium] › tests\shapes\51-shape-create.spec.ts:198:3 › 51 - Shape Create (REQ-SHAPE-001..003, 008..011, 013, 015) › shape survives page save/reload (REQ-SHAPE-015)
[1A[2K[120/246] [chromium] › tests\shapes\51-shape-create.spec.ts:248:3 › 51 - Shape Create (REQ-SHAPE-001..003, 008..011, 013, 015) › multiple shapes can coexist on canvas
[1A[2K[121/246] [chromium] › tests\shapes\52-shape-toolbar.spec.ts:19:3 › 52 - Shape Toolbar (REQ-SHAPE-004..007, 012) › shape toolbar appears when shape tool is activated (REQ-SHAPE-012)
[1A[2K[122/246] [chromium] › tests\shapes\52-shape-toolbar.spec.ts:31:3 › 52 - Shape Toolbar (REQ-SHAPE-004..007, 012) › shape toolbar has all five shape type buttons (REQ-SHAPE-012)
[1A[2K[123/246] [chromium] › tests\shapes\52-shape-toolbar.spec.ts:40:3 › 52 - Shape Toolbar (REQ-SHAPE-004..007, 012) › shape toolbar has fill toggle control (REQ-SHAPE-004)
[1A[2K[124/246] [chromium] › tests\shapes\52-shape-toolbar.spec.ts:47:3 › 52 - Shape Toolbar (REQ-SHAPE-004..007, 012) › clicking shape type button updates tool store (REQ-SHAPE-012)
[1A[2K[125/246] [chromium] › tests\shapes\52-shape-toolbar.spec.ts:63:3 › 52 - Shape Toolbar (REQ-SHAPE-004..007, 012) › shape options default values are correct
[1A[2K[126/246] [chromium] › tests\shapes\52-shape-toolbar.spec.ts:76:3 › 52 - Shape Toolbar (REQ-SHAPE-004..007, 012) › shape toolbar appears when a shape node is selected (REQ-SHAPE-012)
[1A[2K[127/246] [chromium] › tests\shapes\52-shape-toolbar.spec.ts:112:3 › 52 - Shape Toolbar (REQ-SHAPE-004..007, 012) › toggling shape tool off keeps toolbar visible (persistence)
[1A[2K[128/246] [chromium] › tests\shapes\52-shape-toolbar.spec.ts:126:3 › 52 - Shape Toolbar (REQ-SHAPE-004..007, 012) › shape type buttons cycle through all types correctly
[1A[2K[129/246] [chromium] › tests\shapes\53-shape-context-menu.spec.ts:40:3 › 53 - Shape Context Menu (REQ-SHAPE-014) › right-clicking a shape shows the context menu
[1A[2K[130/246] [chromium] › tests\shapes\53-shape-context-menu.spec.ts:51:3 › 53 - Shape Context Menu (REQ-SHAPE-014) › context menu has layer buttons 1-5 (REQ-SHAPE-014)
[1A[2K[131/246] [chromium] › tests\shapes\53-shape-context-menu.spec.ts:63:3 › 53 - Shape Context Menu (REQ-SHAPE-014) › changing layer via context menu updates the node
[1A[2K[132/246] [chromium] › tests\shapes\53-shape-context-menu.spec.ts:82:3 › 53 - Shape Context Menu (REQ-SHAPE-014) › context menu closes on Escape

[1A[2K[133/246] [chromium] › tests\shapes\53-shape-context-menu.spec.ts:95:3 › 53 - Shape Context Menu (REQ-SHAPE-014) › delete from context menu removes the shape

[1A[2K[134/246] [chromium] › tests\shapes\54-shape-click-drag.spec.ts:22:3 › 54 - Shape Click+Drag Creation (REQ-SHAPE-001..003) › drag creates a rectangle with correct position and size

[1A[2K[135/246] [chromium] › tests\shapes\54-shape-click-drag.spec.ts:42:3 › 54 - Shape Click+Drag Creation (REQ-SHAPE-001..003) › drag creates a circle

[1A[2K[136/246] [chromium] › tests\shapes\54-shape-click-drag.spec.ts:59:3 › 54 - Shape Click+Drag Creation (REQ-SHAPE-001..003) › drag creates a triangle

[1A[2K[137/246] [chromium] › tests\shapes\54-shape-click-drag.spec.ts:76:3 › 54 - Shape Click+Drag Creation (REQ-SHAPE-001..003) › drag creates an arrow with correct direction

[1A[2K[138/246] [chromium] › tests\shapes\54-shape-click-drag.spec.ts:96:3 › 54 - Shape Click+Drag Creation (REQ-SHAPE-001..003) › drag creates a line

[1A[2K[139/246] [chromium] › tests\shapes\54-shape-click-drag.spec.ts:113:3 › 54 - Shape Click+Drag Creation (REQ-SHAPE-001..003) › small click (no drag) does NOT create a shape

[1A[2K[140/246] [chromium] › tests\shapes\54-shape-click-drag.spec.ts:123:3 › 54 - Shape Click+Drag Creation (REQ-SHAPE-001..003) › arrow dragged right-to-left has negative width

[1A[2K[141/246] [chromium] › tests\shapes\54-shape-drag-create.spec.ts:71:3 › 54 - Shape Drag Create (REQ-SHAPE-001..003) › drag creates a rectangle with correct dimensions

[1A[2K[142/246] [chromium] › tests\shapes\54-shape-drag-create.spec.ts:85:3 › 54 - Shape Drag Create (REQ-SHAPE-001..003) › drag creates a circle

[1A[2K[143/246] [chromium] › tests\shapes\54-shape-drag-create.spec.ts:96:3 › 54 - Shape Drag Create (REQ-SHAPE-001..003) › drag creates a triangle

[1A[2K[144/246] [chromium] › tests\shapes\54-shape-drag-create.spec.ts:105:3 › 54 - Shape Drag Create (REQ-SHAPE-001..003) › arrow preserves signed dimensions for direction (left→right, upward)

[1A[2K[145/246] [chromium] › tests\shapes\54-shape-drag-create.spec.ts:121:3 › 54 - Shape Drag Create (REQ-SHAPE-001..003) › line preserves signed dimensions for direction

[1A[2K[146/246] [chromium] › tests\shapes\54-shape-drag-create.spec.ts:135:3 › 54 - Shape Drag Create (REQ-SHAPE-001..003) › tiny drag (< 5px) does NOT create a shape

[1A[2K[147/246] [chromium] › tests\shapes\54-shape-drag-create.spec.ts:143:3 › 54 - Shape Drag Create (REQ-SHAPE-001..003) › multiple shapes created consecutively

[1A[2K[148/246] [chromium] › tests\shapes\54-shape-drag-create.spec.ts:160:3 › 54 - Shape Drag Create (REQ-SHAPE-001..003) › reverse drag (bottom-right to top-left) creates valid rect

[1A[2K[149/246] [chromium] › tests\shapes\55-shape-mode-isolation.spec.ts:30:3 › 55 - Shape Mode Isolation (REQ-SHAPE-007) › shapes are selectable in select mode

[1A[2K[150/246] [chromium] › tests\shapes\55-shape-mode-isolation.spec.ts:44:3 › 55 - Shape Mode Isolation (REQ-SHAPE-007) › shapes are selectable in shape mode

[1A[2K[151/246] [chromium] › tests\shapes\55-shape-mode-isolation.spec.ts:54:3 › 55 - Shape Mode Isolation (REQ-SHAPE-007) › text nodes have layer 4 by default (above shapes)

[1A[2K[152/246] [chromium] › tests\shapes\55-shape-mode-isolation.spec.ts:63:3 › 55 - Shape Mode Isolation (REQ-SHAPE-007) › multi-select with Ctrl+Click works in select mode

[1A[2K[153/246] [chromium] › tests\shapes\56-shape-styling.spec.ts:26:3 › 56 - Shape Styling (REQ-SHAPE-004, REQ-SHAPE-005, REQ-SHAPE-013) › updating fill via store changes shape data

[1A[2K[154/246] [chromium] › tests\shapes\56-shape-styling.spec.ts:39:3 › 56 - Shape Styling (REQ-SHAPE-004, REQ-SHAPE-005, REQ-SHAPE-013) › updating stroke color changes shape data

[1A[2K[155/246] [chromium] › tests\shapes\56-shape-styling.spec.ts:51:3 › 56 - Shape Styling (REQ-SHAPE-004, REQ-SHAPE-005, REQ-SHAPE-013) › updating strokeWidth changes shape data

[1A[2K[156/246] [chromium] › tests\shapes\56-shape-styling.spec.ts:63:3 › 56 - Shape Styling (REQ-SHAPE-004, REQ-SHAPE-005, REQ-SHAPE-013) › updating dash style changes shape data

[1A[2K[157/246] [chromium] › tests\shapes\56-shape-styling.spec.ts:75:3 › 56 - Shape Styling (REQ-SHAPE-004, REQ-SHAPE-005, REQ-SHAPE-013) › changing shape type on selected shape updates it

[1A[2K[158/246] [chromium] › tests\shapes\56-shape-styling.spec.ts:89:3 › 56 - Shape Styling (REQ-SHAPE-004, REQ-SHAPE-005, REQ-SHAPE-013) › shape defaults apply from tool store when no shape selected

[1A[2K[159/246] [chromium] › tests\shapes\63-shape-resize.spec.ts:39:3 › 63 - Shape Resize (REQ-SHAPE-010) › shape has transformer when selected

[1A[2K[160/246] [chromium] › tests\shapes\63-shape-resize.spec.ts:61:3 › 63 - Shape Resize (REQ-SHAPE-010) › shape dimensions update in store after resize via store

[1A[2K[161/246] [chromium] › tests\shapes\63-shape-resize.spec.ts:88:3 › 63 - Shape Resize (REQ-SHAPE-010) › shape position is preserved after resize

[1A[2K[162/246] [chromium] › tests\shapes\63-shape-resize.spec.ts:113:3 › 63 - Shape Resize (REQ-SHAPE-010) › circle shape can be resized

[1A[2K[163/246] [chromium] › tests\shapes\63-shape-resize.spec.ts:139:3 › 63 - Shape Resize (REQ-SHAPE-010) › triangle shape can be resized

[1A[2K[164/246] [chromium] › tests\shapes\63-shape-resize.spec.ts:163:3 › 63 - Shape Resize (REQ-SHAPE-010) › resized shape data properties are preserved

[1A[2K[165/246] [chromium] › tests\text\03-text-place.spec.ts:18:3 › 03 - Text Place (REQ-TEXT-001, REQ-TEXT-002) › clicking canvas with text tool adds a text node

[1A[2K[166/246] [chromium] › tests\text\03-text-place.spec.ts:37:3 › 03 - Text Place (REQ-TEXT-001, REQ-TEXT-002) › newly placed text has correct initial properties

[1A[2K[167/246] [chromium] › tests\text\03-text-place.spec.ts:51:3 › 03 - Text Place (REQ-TEXT-001, REQ-TEXT-002) › textarea appears after placing text (auto-edit mode)

[1A[2K[168/246] [chromium] › tests\text\03-text-place.spec.ts:60:3 › 03 - Text Place (REQ-TEXT-001, REQ-TEXT-002) › placed text node is selected in the store

[1A[2K[169/246] [chromium] › tests\text\04-text-edit.spec.ts:18:3 › 04 - Text Edit (REQ-TEXT-003, REQ-TEXT-004, REQ-TEXT-005) › Enter commits text to store

[1A[2K[170/246] [chromium] › tests\text\04-text-edit.spec.ts:35:3 › 04 - Text Edit (REQ-TEXT-003, REQ-TEXT-004, REQ-TEXT-005) › Escape exits editing mode (blur commits text)

[1A[2K[171/246] [chromium] › tests\text\04-text-edit.spec.ts:57:3 › 04 - Text Edit (REQ-TEXT-003, REQ-TEXT-004, REQ-TEXT-005) › blur commits text to store

[1A[2K[172/246] [chromium] › tests\text\04-text-edit.spec.ts:75:3 › 04 - Text Edit (REQ-TEXT-003, REQ-TEXT-004, REQ-TEXT-005) › double-click on existing text re-enters edit mode

[1A[2K[173/246] [chromium] › tests\text\05-text-drag.spec.ts:17:3 › 05 - Text Drag (REQ-TEXT-006) › dragging a text block updates its position in the store

[1A[2K[174/246] [chromium] › tests\text\06-text-delete.spec.ts:18:3 › 06 - Text Delete (REQ-TEXT-009, REQ-TEXT-010) › Delete key removes selected text node

[1A[2K[175/246] [chromium] › tests\text\06-text-delete.spec.ts:53:3 › 06 - Text Delete (REQ-TEXT-009, REQ-TEXT-010) › T key toggles text tool

[1A[2K[176/246] [chromium] › tests\text\16-text-resize-reflow.spec.ts:19:3 › 16 - Text Resize Reflow (REQ-TEXT-008) › placed text node has default width of 200

[1A[2K[177/246] [chromium] › tests\text\16-text-resize-reflow.spec.ts:37:3 › 16 - Text Resize Reflow (REQ-TEXT-008) › placed text with long content has positive height

[1A[2K[178/246] [chromium] › tests\text\16-text-resize-reflow.spec.ts:56:3 › 16 - Text Resize Reflow (REQ-TEXT-008) › text node height scales with content length

[1A[2K[179/246] [chromium] › tests\text\21-text-auto-width.spec.ts:16:3 › 21 - Text Auto-Width (REQ-TEXT-020) › short text has small width

[1A[2K[180/246] [chromium] › tests\text\21-text-auto-width.spec.ts:33:3 › 21 - Text Auto-Width (REQ-TEXT-020) › long text has larger width

[1A[2K[181/246] [chromium] › tests\text\21-text-auto-width.spec.ts:49:3 › 21 - Text Auto-Width (REQ-TEXT-020) › width is capped at 800px

[1A[2K[182/246] [chromium] › tests\text\22-undo-redo.spec.ts:17:3 › 22 - Undo/Redo (REQ-CANVAS-007) › undo removes a placed text block

[1A[2K[183/246] [chromium] › tests\text\22-undo-redo.spec.ts:42:3 › 22 - Undo/Redo (REQ-CANVAS-007) › redo restores an undone text block

[1A[2K[184/246] [chromium] › tests\text\22-undo-redo.spec.ts:72:3 › 22 - Undo/Redo (REQ-CANVAS-007) › undo reverts a text placement+edit as single action

[1A[2K[185/246] [chromium] › tests\text\22-undo-redo.spec.ts:94:3 › 22 - Undo/Redo (REQ-CANVAS-007) › multiple undos: place 3 texts, undo 3 times → 0 nodes

[1A[2K[186/246] [chromium] › tests\text\22-undo-redo.spec.ts:127:3 › 22 - Undo/Redo (REQ-CANVAS-007) › undo stack clears on page switch

[1A[2K[187/246] [chromium] › tests\text\23-copy-paste.spec.ts:17:3 › 23 - Copy/Paste (REQ-TEXT-014) › Ctrl+C then Ctrl+V duplicates selected text node

[1A[2K[188/246] [chromium] › tests\text\23-copy-paste.spec.ts:47:3 › 23 - Copy/Paste (REQ-TEXT-014) › pasted node is offset by 20px from original

[1A[2K[189/246] [chromium] › tests\text\23-copy-paste.spec.ts:77:3 › 23 - Copy/Paste (REQ-TEXT-014) › pasted node has same text content as original

[1A[2K[190/246] [chromium] › tests\text\23-copy-paste.spec.ts:103:3 › 23 - Copy/Paste (REQ-TEXT-014) › pasted node is selected, original is deselected

[1A[2K[191/246] [chromium] › tests\text\24-multi-select.spec.ts:42:3 › 24 - Multi-Select (REQ-TEXT-013) › clicking first node selects only it

[1A[2K[192/246] [chromium] › tests\text\24-multi-select.spec.ts:54:3 › 24 - Multi-Select (REQ-TEXT-013) › Ctrl+Click second node adds it to selection

[1A[2K[193/246] [chromium] › tests\text\24-multi-select.spec.ts:73:3 › 24 - Multi-Select (REQ-TEXT-013) › Ctrl+Click on selected node deselects it

[1A[2K[194/246] [chromium] › tests\text\24-multi-select.spec.ts:95:3 › 24 - Multi-Select (REQ-TEXT-013) › delete with 2 selected removes both

[1A[2K[195/246] [chromium] › tests\text\25-select-all.spec.ts:34:3 › 25 - Select All (REQ-TEXT-015) › Ctrl+A selects all 3 nodes

[1A[2K[196/246] [chromium] › tests\text\25-select-all.spec.ts:45:3 › 25 - Select All (REQ-TEXT-015) › delete after select all removes all nodes

[1A[2K[197/246] [chromium] › tests\text\26-selection-actions.spec.ts:18:3 › 26 - Selection Actions › selection actions panel visible when node is selected

[1A[2K[198/246] [chromium] › tests\text\26-selection-actions.spec.ts:38:3 › 26 - Selection Actions › shows "1 selected" text

[1A[2K[199/246] [chromium] › tests\text\26-selection-actions.spec.ts:58:3 › 26 - Selection Actions › trash button deletes the selected node

[1A[2K[200/246] [chromium] › tests\text\26-selection-actions.spec.ts:82:3 › 26 - Selection Actions › panel hides when no nodes are selected

[1A[2K[201/246] [chromium] › tests\text\27-markdown-rendering.spec.ts:17:3 › 27 - Markdown Rendering (REQ-TEXT-016) › renders markdown headers, bold, and italic

[1A[2K[202/246] [chromium] › tests\text\27-markdown-rendering.spec.ts:55:3 › 27 - Markdown Rendering (REQ-TEXT-016) › renders bullet list from markdown

[1A[2K[203/246] [chromium] › tests\text\28-markdown-checkboxes.spec.ts:39:3 › 28 - Markdown Checkboxes (REQ-TEXT-021) › renders two checkbox inputs

[1A[2K[204/246] [chromium] › tests\text\28-markdown-checkboxes.spec.ts:44:3 › 28 - Markdown Checkboxes (REQ-TEXT-021) › first checkbox is unchecked, second is checked

[1A[2K[205/246] [chromium] › tests\text\28-markdown-checkboxes.spec.ts:56:3 › 28 - Markdown Checkboxes (REQ-TEXT-021) › clicking unchecked checkbox toggles it in the store

[1A[2K[206/246] [chromium] › tests\text\29-one-shot-tool.spec.ts:18:3 › 29 - One-Shot Tool (REQ-TEXT-011) › activating text tool sets tool store to text

[1A[2K[207/246] [chromium] › tests\text\29-one-shot-tool.spec.ts:26:3 › 29 - One-Shot Tool (REQ-TEXT-011) › placing text reverts tool to select

[1A[2K[208/246] [chromium] › tests\text\29-one-shot-tool.spec.ts:35:3 › 29 - One-Shot Tool (REQ-TEXT-011) › next click on canvas does NOT create another text node

[1A[2K[209/246] [chromium] › tests\text\32-text-editor-features.spec.ts:18:3 › 32 - Text Editor Features (REQ-TEXT-017, REQ-TEXT-018) › Enter auto-continues bullet list

[1A[2K[210/246] [chromium] › tests\text\32-text-editor-features.spec.ts:39:3 › 32 - Text Editor Features (REQ-TEXT-017, REQ-TEXT-018) › Shift+Tab removes indent from current line

[1A[2K[211/246] [chromium] › tests\text\58-text-markdown-advanced.spec.ts:40:3 › 58 - Advanced Markdown Rendering (REQ-TEXT-016) › renders markdown table as HTML table

[1A[2K[212/246] [chromium] › tests\text\58-text-markdown-advanced.spec.ts:60:3 › 58 - Advanced Markdown Rendering (REQ-TEXT-016) › renders fenced code block with code styling

[1A[2K[213/246] [chromium] › tests\text\58-text-markdown-advanced.spec.ts:75:3 › 58 - Advanced Markdown Rendering (REQ-TEXT-016) › renders inline code with code element

[1A[2K[214/246] [chromium] › tests\text\58-text-markdown-advanced.spec.ts:87:3 › 58 - Advanced Markdown Rendering (REQ-TEXT-016) › renders blockquotes properly

[1A[2K[215/246] [chromium] › tests\text\58-text-markdown-advanced.spec.ts:99:3 › 58 - Advanced Markdown Rendering (REQ-TEXT-016) › renders nested lists properly

[1A[2K[216/246] [chromium] › tests\text\58-text-markdown-advanced.spec.ts:115:3 › 58 - Advanced Markdown Rendering (REQ-TEXT-016) › renders numbered list

[1A[2K[217/246] [chromium] › tests\text\58-text-markdown-advanced.spec.ts:131:3 › 58 - Advanced Markdown Rendering (REQ-TEXT-016) › renders horizontal rule

[1A[2K[218/246] [chromium] › tests\text\58-text-markdown-advanced.spec.ts:143:3 › 58 - Advanced Markdown Rendering (REQ-TEXT-016) › renders links as anchor tags

[1A[2K[219/246] [chromium] › tests\text\58-text-markdown-advanced.spec.ts:155:3 › 58 - Advanced Markdown Rendering (REQ-TEXT-016) › renders combined markdown (headers + lists + bold)

[1A[2K[220/246] [chromium] › tests\text\59-text-multiselect-ops.spec.ts:36:3 › 59 - Multi-Select Operations (REQ-TEXT-013..015) › select 3 nodes, move all at once via store

[1A[2K[221/246] [chromium] › tests\text\59-text-multiselect-ops.spec.ts:70:3 › 59 - Multi-Select Operations (REQ-TEXT-013..015) › select 2 nodes, copy-paste creates 2 new nodes

[1A[2K[222/246] [chromium] › tests\text\59-text-multiselect-ops.spec.ts:100:3 › 59 - Multi-Select Operations (REQ-TEXT-013..015) › select all then delete clears canvas

[1A[2K[223/246] [chromium] › tests\text\59-text-multiselect-ops.spec.ts:121:3 › 59 - Multi-Select Operations (REQ-TEXT-013..015) › Ctrl+Click to add to selection

[1A[2K[224/246] [chromium] › tests\text\59-text-multiselect-ops.spec.ts:146:3 › 59 - Multi-Select Operations (REQ-TEXT-013..015) › Ctrl+Click to remove from selection

[1A[2K[225/246] [chromium] › tests\text\59-text-multiselect-ops.spec.ts:173:3 › 59 - Multi-Select Operations (REQ-TEXT-013..015) › duplicate selected nodes creates copies at offset

[1A[2K[226/246] [chromium] › tests\text\59-text-multiselect-ops.spec.ts:193:3 › 59 - Multi-Select Operations (REQ-TEXT-013..015) › delete only selected nodes, leaves unselected intact

[1A[2K[227/246] [chromium] › tests\text\59-text-multiselect-ops.spec.ts:211:3 › 59 - Multi-Select Operations (REQ-TEXT-013..015) › selection count is correct after multiple operations

[1A[2K[228/246] [chromium] › tests\text\73-text-indent-nested.spec.ts:14:3 › 73 - Text Indent for Nested Lists › Tab on a bullet line indents it (nesting)

[1A[2K[229/246] [chromium] › tests\text\73-text-indent-nested.spec.ts:41:3 › 73 - Text Indent for Nested Lists › Tab on a checkbox line indents it

[1A[2K[230/246] [chromium] › tests\text\73-text-indent-nested.spec.ts:63:3 › 73 - Text Indent for Nested Lists › Shift+Tab on an indented line un-indents it

[1A[2K[231/246] [chromium] › tests\text\73-text-indent-nested.spec.ts:84:3 › 73 - Text Indent for Nested Lists › Tab at the middle of a line indents the line (cursor-agnostic)

[1A[2K[232/246] [chromium] › tests\text\75-tab-multiline.spec.ts:14:3 › 75 - Tab Multi-line Selection › Tab indents all selected lines

[1A[2K[233/246] [chromium] › tests\text\75-tab-multiline.spec.ts:36:3 › 75 - Tab Multi-line Selection › Shift+Tab un-indents all selected lines

[1A[2K[234/246] [chromium] › tests\text\75-tab-multiline.spec.ts:57:3 › 75 - Tab Multi-line Selection › Tab indents checkbox lines in multi-line selection

[1A[2K[235/246] [chromium] › tests\text\75-tab-multiline.spec.ts:80:3 › 75 - Tab Multi-line Selection › Shift+Tab on line with no indent is a no-op

[1A[2K[236/246] [chromium] › tests\text\75-tab-multiline.spec.ts:101:3 › 75 - Tab Multi-line Selection › Tab removes any selected text and replaces with indent (standard behavior)

[1A[2K[237/246] [chromium] › tests\text\78-math-latex.spec.ts:14:3 › 78 - Math/LaTeX Rendering › inline math $E = mc^2$ renders as KaTeX

[1A[2K[238/246] [chromium] › tests\text\78-math-latex.spec.ts:32:3 › 78 - Math/LaTeX Rendering › display math $$...$$ renders as block

[1A[2K[239/246] [chromium] › tests\text\78-math-latex.spec.ts:49:3 › 78 - Math/LaTeX Rendering › invalid math shows error (non-throwing)

[1A[2K[240/246] [chromium] › tests\toolbar\10-toolbar-show.spec.ts:19:3 › 10 - Toolbar Show (REQ-TOOL-001) › bottom toolbar is NOT visible initially (select tool, no selection)

[1A[2K[241/246] [chromium] › tests\toolbar\10-toolbar-show.spec.ts:24:3 › 10 - Toolbar Show (REQ-TOOL-001) › activating text tool shows the bottom toolbar

[1A[2K[242/246] [chromium] › tests\toolbar\10-toolbar-show.spec.ts:33:3 › 10 - Toolbar Show (REQ-TOOL-001) › deactivating text tool keeps toolbar visible (toolbar persistence)

[1A[2K[243/246] [chromium] › tests\toolbar\10-toolbar-show.spec.ts:47:3 › 10 - Toolbar Show (REQ-TOOL-001) › selecting a text node shows the bottom toolbar

[1A[2K[244/246] [chromium] › tests\toolbar\11-toolbar-format.spec.ts:41:3 › 11 - Toolbar Format (REQ-TOOL-002..005) › changing font size updates node data

[1A[2K[245/246] [chromium] › tests\toolbar\11-toolbar-format.spec.ts:59:3 › 11 - Toolbar Format (REQ-TOOL-002..005) › clicking bold button toggles fontStyle to bold

[1A[2K[246/246] [chromium] › tests\toolbar\11-toolbar-format.spec.ts:72:3 › 11 - Toolbar Format (REQ-TOOL-002..005) › clicking color swatch changes fill color

[1A[2K  7 failed
    [chromium] › tests\canvas\02-canvas-zoom.spec.ts:63:3 › 02 - Canvas Zoom (REQ-CANVAS-003, REQ-CANVAS-004) › scale is clamped within [0.1, 5.0] 
    [chromium] › tests\canvas\57-undo-redo-edges.spec.ts:121:3 › 57 - Undo/Redo Edge Cases (REQ-CANVAS-007..009) › undo then redo then undo produces consistent state 
    [chromium] › tests\file\80-fsa-handle-store.spec.ts:24:3 › 80 - FileHandleStore › setCurrentHandle + getCurrentHandle round-trip 
    [chromium] › tests\file\80-fsa-handle-store.spec.ts:36:3 › 80 - FileHandleStore › clearCurrentHandle removes the handle 
    [chromium] › tests\file\80-fsa-handle-store.spec.ts:48:3 › 80 - FileHandleStore › addRecentHandle stores up to 5 (LRU eviction) 
    [chromium] › tests\file\80-fsa-handle-store.spec.ts:67:3 › 80 - FileHandleStore › addRecentHandle upserts by name 
    [chromium] › tests\file\80-fsa-handle-store.spec.ts:81:3 › 80 - FileHandleStore › removeRecentHandle deletes by id 
  239 passed (12.7m)
