
Running 237 tests using 1 worker

  ✓    1 [chromium] › tests\canvas\00-canvas-renders.spec.ts:16:3 › 00 - Canvas Renders (REQ-CANVAS-001) › app shell renders with all components (2.4s)
  ✓    2 [chromium] › tests\canvas\00-canvas-renders.spec.ts:37:3 › 00 - Canvas Renders (REQ-CANVAS-001) › canvas has non-zero dimensions (866ms)
  ✓    3 [chromium] › tests\canvas\00-canvas-renders.spec.ts:45:3 › 00 - Canvas Renders (REQ-CANVAS-001) › draw tool is enabled (1.2s)
  ✓    4 [chromium] › tests\canvas\01-canvas-pan.spec.ts:17:3 › 01 - Canvas Pan (REQ-CANVAS-002) › dragging canvas background changes viewport position (1.4s)
  ✓    5 [chromium] › tests\canvas\01-canvas-pan.spec.ts:45:3 › 01 - Canvas Pan (REQ-CANVAS-002) › viewport position reflects drag direction (1.8s)
  ✓    6 [chromium] › tests\canvas\02-canvas-zoom.spec.ts:18:3 › 02 - Canvas Zoom (REQ-CANVAS-003, REQ-CANVAS-004) › initial scale is 1 (985ms)
  ✓    7 [chromium] › tests\canvas\02-canvas-zoom.spec.ts:23:3 › 02 - Canvas Zoom (REQ-CANVAS-003, REQ-CANVAS-004) › Ctrl+wheel zoom in increases scale (1.1s)
  ✓    8 [chromium] › tests\canvas\02-canvas-zoom.spec.ts:43:3 › 02 - Canvas Zoom (REQ-CANVAS-003, REQ-CANVAS-004) › Ctrl+wheel zoom out decreases scale (1.3s)
  ✓    9 [chromium] › tests\canvas\02-canvas-zoom.spec.ts:63:3 › 02 - Canvas Zoom (REQ-CANVAS-003, REQ-CANVAS-004) › scale is clamped within [0.1, 5.0] (6.7s)
  ✓   10 [chromium] › tests\canvas\33-page-guides.spec.ts:17:3 › 33 - Page Guides (REQ-CANVAS-010) › background layer canvas is rendered (525ms)
  ✓   11 [chromium] › tests\canvas\33-page-guides.spec.ts:27:3 › 33 - Page Guides (REQ-CANVAS-010) › A4 page guide Rect elements exist on background layer (1.0s)
  ✓   12 [chromium] › tests\canvas\33-page-guides.spec.ts:59:3 › 33 - Page Guides (REQ-CANVAS-010) › first canvas (background layer) has rendered content (814ms)
  ✓   13 [chromium] › tests\canvas\57-undo-redo-edges.spec.ts:17:3 › 57 - Undo/Redo Edge Cases (REQ-CANVAS-007..009) › undo with empty history does nothing (1.0s)
  ✓   14 [chromium] › tests\canvas\57-undo-redo-edges.spec.ts:30:3 › 57 - Undo/Redo Edge Cases (REQ-CANVAS-007..009) › redo with empty redo stack does nothing (1.2s)
  ✓   15 [chromium] › tests\canvas\57-undo-redo-edges.spec.ts:43:3 › 57 - Undo/Redo Edge Cases (REQ-CANVAS-007..009) › undo after page switch starts fresh (no effect) (2.5s)
  ✓   16 [chromium] › tests\canvas\57-undo-redo-edges.spec.ts:92:3 › 57 - Undo/Redo Edge Cases (REQ-CANVAS-007..009) › multiple rapid undos do not crash (1.4s)
  ✓   17 [chromium] › tests\canvas\57-undo-redo-edges.spec.ts:121:3 › 57 - Undo/Redo Edge Cases (REQ-CANVAS-007..009) › undo then redo then undo produces consistent state (2.3s)
  ✓   18 [chromium] › tests\canvas\57-undo-redo-edges.spec.ts:156:3 › 57 - Undo/Redo Edge Cases (REQ-CANVAS-007..009) › redo stack clears after a new action (2.1s)
  ✓   19 [chromium] › tests\canvas\60-zoom-to-fit.spec.ts:17:3 › 60 - Zoom to Fit (REQ-CANVAS-012) › zoom-to-fit button exists in the top bar (904ms)
  ✓   20 [chromium] › tests\canvas\60-zoom-to-fit.spec.ts:22:3 › 60 - Zoom to Fit (REQ-CANVAS-012) › clicking zoom-to-fit with nodes changes viewport scale (1.4s)
  ✓   21 [chromium] › tests\canvas\60-zoom-to-fit.spec.ts:54:3 › 60 - Zoom to Fit (REQ-CANVAS-012) › zoom-to-fit with no nodes does not crash (960ms)
  ✓   22 [chromium] › tests\canvas\60-zoom-to-fit.spec.ts:70:3 › 60 - Zoom to Fit (REQ-CANVAS-012) › zoom-to-fit with single node centers it (1.4s)
  ✓   23 [chromium] › tests\canvas\60-zoom-to-fit.spec.ts:93:3 › 60 - Zoom to Fit (REQ-CANVAS-012) › zoom-to-fit works with mixed node types (text + shapes) (1.5s)
  ✓   24 [chromium] › tests\canvas\62-tool-state-machine.spec.ts:18:3 › 62 - Tool State Machine (REQ-CANVAS-006, REQ-TEXT-010..011) › default tool is select (978ms)
  ✓   25 [chromium] › tests\canvas\62-tool-state-machine.spec.ts:23:3 › 62 - Tool State Machine (REQ-CANVAS-006, REQ-TEXT-010..011) › clicking text tool activates it (1.2s)
  ✓   26 [chromium] › tests\canvas\62-tool-state-machine.spec.ts:31:3 › 62 - Tool State Machine (REQ-CANVAS-006, REQ-TEXT-010..011) › clicking text tool again returns to select (1.2s)
  ✓   27 [chromium] › tests\canvas\62-tool-state-machine.spec.ts:47:3 › 62 - Tool State Machine (REQ-CANVAS-006, REQ-TEXT-010..011) › T key toggles text tool (1.8s)
  ✓   28 [chromium] › tests\canvas\62-tool-state-machine.spec.ts:63:3 › 62 - Tool State Machine (REQ-CANVAS-006, REQ-TEXT-010..011) › in draw mode, nodes are not selectable (1.7s)
  ✓   29 [chromium] › tests\canvas\62-tool-state-machine.spec.ts:97:3 › 62 - Tool State Machine (REQ-CANVAS-006, REQ-TEXT-010..011) › in select mode, nodes are draggable (verified via store) (2.1s)
  ✓   30 [chromium] › tests\canvas\62-tool-state-machine.spec.ts:133:3 › 62 - Tool State Machine (REQ-CANVAS-006, REQ-TEXT-010..011) › shape tool is activatable via store (1.4s)
  ✓   31 [chromium] › tests\canvas\62-tool-state-machine.spec.ts:142:3 › 62 - Tool State Machine (REQ-CANVAS-006, REQ-TEXT-010..011) › switching tools deselects nodes (1.6s)
  ✓   32 [chromium] › tests\canvas\62-tool-state-machine.spec.ts:169:3 › 62 - Tool State Machine (REQ-CANVAS-006, REQ-TEXT-010..011) › text tool reverts to select after placing one text (one-shot) (2.1s)
  ✓   33 [chromium] › tests\canvas\64-pinch-zoom.spec.ts:17:3 › 64 - Wheel Zoom + Scale Bounds (REQ-CANVAS-003, REQ-CANVAS-004) › wheel zoom changes scale (1.2s)
  ✓   34 [chromium] › tests\canvas\64-pinch-zoom.spec.ts:40:3 › 64 - Wheel Zoom + Scale Bounds (REQ-CANVAS-003, REQ-CANVAS-004) › scale stays within bounds after many zoom-ins (4.5s)
  ✓   35 [chromium] › tests\canvas\64-pinch-zoom.spec.ts:62:3 › 64 - Wheel Zoom + Scale Bounds (REQ-CANVAS-003, REQ-CANVAS-004) › scale stays within bounds after many zoom-outs (4.6s)
  ✓   36 [chromium] › tests\canvas\64-pinch-zoom.spec.ts:84:3 › 64 - Wheel Zoom + Scale Bounds (REQ-CANVAS-003, REQ-CANVAS-004) › zoom in then zoom out returns near original scale (1.8s)
  ✓   37 [chromium] › tests\canvas\64-pinch-zoom.spec.ts:118:3 › 64 - Wheel Zoom + Scale Bounds (REQ-CANVAS-003, REQ-CANVAS-004) › viewport position changes with zoom (1.1s)
  ✓   38 [chromium] › tests\canvas\64-pinch-zoom.spec.ts:144:3 › 64 - Wheel Zoom + Scale Bounds (REQ-CANVAS-003, REQ-CANVAS-004) › scale is a positive number after all operations (973ms)
  ✓   39 [chromium] › tests\canvas\71-canvas-scroll-pan.spec.ts:14:3 › 71 - Canvas Scroll Pan › scroll down moves viewport up (pans down) (1.4s)
  ✓   40 [chromium] › tests\canvas\71-canvas-scroll-pan.spec.ts:25:3 › 71 - Canvas Scroll Pan › scroll up moves viewport down (pans up) (957ms)
  ✓   41 [chromium] › tests\canvas\71-canvas-scroll-pan.spec.ts:35:3 › 71 - Canvas Scroll Pan › shift+scroll moves viewport horizontally (904ms)
  ✓   42 [chromium] › tests\canvas\72-ctrl-alt-duplicate.spec.ts:14:3 › 72 - Ctrl+Alt+Drag Duplicate › Ctrl+Alt+drag on a text node duplicates it (1.4s)
  ✓   43 [chromium] › tests\canvas\72-ctrl-alt-duplicate.spec.ts:46:3 › 72 - Ctrl+Alt+Drag Duplicate › Ctrl+Alt+drag on a shape duplicates it (1.0s)
  ✓   44 [chromium] › tests\canvas\74-lasso-select-nodes.spec.ts:14:3 › 74 - Lasso Select Nodes › lasso rect intersection selects multiple nodes (1.3s)
  ✓   45 [chromium] › tests\canvas\74-lasso-select-nodes.spec.ts:59:3 › 74 - Lasso Select Nodes › lasso selection can then be moved as a group (1.3s)
  ✘   46 [chromium] › tests\demo\50-full-showcase.spec.ts:21:3 › 50 - Full PowerNote Showcase Demo › complete feature walkthrough (37.8s)
  ✓   47 [chromium] › tests\file\35-save-export.spec.ts:20:3 › 35 - Save / Export (REQ-FILE-001..003) › save button is visible in the top bar (1.1s)
  ✓   48 [chromium] › tests\file\35-save-export.spec.ts:25:3 › 35 - Save / Export (REQ-FILE-001..003) › clicking save triggers a file download with embedded data (3.6s)
  ✓   49 [chromium] › tests\file\36-load-import.spec.ts:22:3 › 36 - Load / Import (REQ-FILE-005..006) › importing a valid PowerNote HTML file hydrates the workspace (1.5s)
  ✓   50 [chromium] › tests\file\37-round-trip.spec.ts:19:3 › 37 - Full Round-Trip (REQ-FILE-004, REQ-FILE-007) › save → reopen → verify: complete notebook round-trip (4.9s)
  ✓   51 [chromium] › tests\file\38-workflow-persistence.spec.ts:84:3 › 38 - Workflow Persistence: EV Motor Control Report › complete 4-cycle save/reopen workflow with scientific content (14.0s)
  ✓   52 [chromium] › tests\file\39-standalone-export.spec.ts:22:3 › 39 - Standalone Export (REQ-FILE-007, REQ-FILE-008) › exported HTML renders and contains user data when opened as file:// (5.3s)
  ✓   53 [chromium] › tests\file\61-auto-save.spec.ts:26:3 › 61 - Auto-Save to localStorage (REQ-FILE-009..011) › localStorage has no auto-save data initially (712ms)
  ✓   54 [chromium] › tests\file\61-auto-save.spec.ts:31:3 › 61 - Auto-Save to localStorage (REQ-FILE-009..011) › auto-save writes workspace data to localStorage (1.2s)
  ✓   55 [chromium] › tests\file\61-auto-save.spec.ts:61:3 › 61 - Auto-Save to localStorage (REQ-FILE-009..011) › auto-save data contains valid JSON with workspace structure (1.0s)
  ✓   56 [chromium] › tests\file\61-auto-save.spec.ts:100:3 › 61 - Auto-Save to localStorage (REQ-FILE-009..011) › localStorage is cleared after file export (1.4s)
  ✓   57 [chromium] › tests\file\69-update-hotswap.spec.ts:29:3 › 69 - Update Hot-Swap (REQ-UPDATE-001) › data injection into template preserves all workspace content (3.9s)
  ✓   58 [chromium] › tests\file\69-update-hotswap.spec.ts:112:3 › 69 - Update Hot-Swap (REQ-UPDATE-001) › buildExportHtml injects data into dist-template correctly (1.5s)
[Test 70] Template size: 2309986, </head> at: 1483697
[Test 70] After injection: 2310856 bytes
[Test 70] Console errors: [
  [32m'Failed to load resource: the server responded with a status of 403 ()'[39m
]
  ✓   59 [chromium] › tests\file\70-standalone-open.spec.ts:35:3 › 70 - Standalone HTML Opens Correctly › template with injected data boots and shows content (4.3s)
  ✓   60 [chromium] › tests\file\77-notebook-library.spec.ts:16:3 › 77 - Notebook Library › saveToLibrary stores a workspace snapshot (878ms)
  ✓   61 [chromium] › tests\file\77-notebook-library.spec.ts:28:3 › 77 - Notebook Library › library caps at 5 entries (LRU eviction) (891ms)
  ✓   62 [chromium] › tests\file\77-notebook-library.spec.ts:50:3 › 77 - Notebook Library › upsert by name updates existing entry (858ms)
  ✓   63 [chromium] › tests\file\77-notebook-library.spec.ts:66:3 › 77 - Notebook Library › deleteFromLibrary removes entry (983ms)
  ✓   64 [chromium] › tests\file\77-notebook-library.spec.ts:81:3 › 77 - Notebook Library › library panel opens from NavRail (1.9s)
  ✓   65 [chromium] › tests\hierarchy\07-hierarchy-toggle.spec.ts:18:3 › 07 - Hierarchy Toggle (REQ-HIER-002, REQ-HIER-003) › hierarchy panel is hidden by default (1.7s)
  ✓   66 [chromium] › tests\hierarchy\07-hierarchy-toggle.spec.ts:23:3 › 07 - Hierarchy Toggle (REQ-HIER-002, REQ-HIER-003) › clicking hierarchy button opens the panel (1.4s)
  ✓   67 [chromium] › tests\hierarchy\07-hierarchy-toggle.spec.ts:33:3 › 07 - Hierarchy Toggle (REQ-HIER-002, REQ-HIER-003) › clicking hierarchy button again closes the panel (1.6s)
  ✓   68 [chromium] › tests\hierarchy\08-hierarchy-navigate.spec.ts:18:3 › 08 - Hierarchy Navigate (REQ-HIER-004, REQ-HIER-011) › navigating to a new section page updates the breadcrumb (2.0s)
  ✓   69 [chromium] › tests\hierarchy\08-hierarchy-navigate.spec.ts:46:3 › 08 - Hierarchy Navigate (REQ-HIER-004, REQ-HIER-011) › page content is preserved when navigating between pages (3.8s)
  ✓   70 [chromium] › tests\hierarchy\09-hierarchy-add.spec.ts:18:3 › 09 - Hierarchy Add (REQ-HIER-005, REQ-HIER-006) › initial state has 1 section with 1 page (1.1s)
  ✓   71 [chromium] › tests\hierarchy\09-hierarchy-add.spec.ts:24:3 › 09 - Hierarchy Add (REQ-HIER-005, REQ-HIER-006) › add-section-btn creates a new section (1.7s)
  ✓   72 [chromium] › tests\hierarchy\09-hierarchy-add.spec.ts:41:3 › 09 - Hierarchy Add (REQ-HIER-005, REQ-HIER-006) › add-page button within a section creates a new page (1.5s)
  ✓   73 [chromium] › tests\hierarchy\09-hierarchy-add.spec.ts:57:3 › 09 - Hierarchy Add (REQ-HIER-005, REQ-HIER-006) › can add multiple sections and pages (2.0s)
  ✓   74 [chromium] › tests\hierarchy\12-hierarchy-rename-section.spec.ts:19:3 › 12 - Hierarchy Rename Section (REQ-HIER-007) › double-clicking section title shows rename input (1.8s)
  ✓   75 [chromium] › tests\hierarchy\12-hierarchy-rename-section.spec.ts:33:3 › 12 - Hierarchy Rename Section (REQ-HIER-007) › typing a new name and pressing Enter renames the section (1.9s)
  ✓   76 [chromium] › tests\hierarchy\12-hierarchy-rename-section.spec.ts:55:3 › 12 - Hierarchy Rename Section (REQ-HIER-007) › renamed section is reflected in the workspace store (2.0s)
  ✓   77 [chromium] › tests\hierarchy\12-hierarchy-rename-section.spec.ts:77:3 › 12 - Hierarchy Rename Section (REQ-HIER-007) › breadcrumb updates after renaming the active section (2.1s)
  ✓   78 [chromium] › tests\hierarchy\13-hierarchy-delete-section.spec.ts:18:3 › 13 - Hierarchy Delete Section (REQ-HIER-008) › deleting a section removes it from the panel (2.8s)
  ✓   79 [chromium] › tests\hierarchy\13-hierarchy-delete-section.spec.ts:41:3 › 13 - Hierarchy Delete Section (REQ-HIER-008) › cannot delete the last remaining section (2.1s)
  ✓   80 [chromium] › tests\hierarchy\13-hierarchy-delete-section.spec.ts:60:3 › 13 - Hierarchy Delete Section (REQ-HIER-008) › deleting a section updates the section count in the panel (2.0s)
  ✓   81 [chromium] › tests\hierarchy\14-hierarchy-rename-page.spec.ts:19:3 › 14 - Hierarchy Rename Page (REQ-HIER-009) › clicking rename-page-btn shows rename input (1.4s)
  ✓   82 [chromium] › tests\hierarchy\14-hierarchy-rename-page.spec.ts:32:3 › 14 - Hierarchy Rename Page (REQ-HIER-009) › typing a new name and pressing Enter renames the page (1.6s)
  ✓   83 [chromium] › tests\hierarchy\14-hierarchy-rename-page.spec.ts:53:3 › 14 - Hierarchy Rename Page (REQ-HIER-009) › breadcrumb updates after renaming the active page (1.5s)
  ✓   84 [chromium] › tests\hierarchy\15-hierarchy-delete-page.spec.ts:18:3 › 15 - Hierarchy Delete Page (REQ-HIER-010) › deleting a page removes it from the section (1.7s)
  ✓   85 [chromium] › tests\hierarchy\15-hierarchy-delete-page.spec.ts:41:3 › 15 - Hierarchy Delete Page (REQ-HIER-010) › cannot delete the last remaining page in a section (1.6s)
  ✓   86 [chromium] › tests\hierarchy\15-hierarchy-delete-page.spec.ts:60:3 › 15 - Hierarchy Delete Page (REQ-HIER-010) › deleting a page updates the page count in the section (1.9s)
  ✓   87 [chromium] › tests\image\40-image-add.spec.ts:18:3 › 40 - Image Add (REQ-IMAGE-001, REQ-IMAGE-002) › adding an image node via store creates an image on canvas (1.0s)
  ✓   88 [chromium] › tests\image\40-image-add.spec.ts:37:3 › 40 - Image Add (REQ-IMAGE-001, REQ-IMAGE-002) › image node is selectable by clicking (1.4s)
  ✘   89 [chromium] › tests\image\40-image-add.spec.ts:58:3 › 40 - Image Add (REQ-IMAGE-001, REQ-IMAGE-002) › image node survives save/load round-trip (6.1s)
  ✓   90 [chromium] › tests\search\30-search-page.spec.ts:41:3 › 30 - Search Page (REQ-SEARCH-001) › Ctrl+F opens search panel (1.9s)
  ✓   91 [chromium] › tests\search\30-search-page.spec.ts:48:3 › 30 - Search Page (REQ-SEARCH-001) › typing "Alpha" shows 1 result (1.8s)
  ✓   92 [chromium] › tests\search\30-search-page.spec.ts:61:3 › 30 - Search Page (REQ-SEARCH-001) › typing "content" shows 2 results (1.8s)
  ✓   93 [chromium] › tests\search\30-search-page.spec.ts:73:3 › 30 - Search Page (REQ-SEARCH-001) › Escape closes the search panel (2.0s)
  ✓   94 [chromium] › tests\search\31-search-notebook.spec.ts:47:3 › 31 - Search Notebook (REQ-SEARCH-002) › Ctrl+Shift+F opens search panel (2.0s)
  ✓   95 [chromium] › tests\search\31-search-notebook.spec.ts:54:3 › 31 - Search Notebook (REQ-SEARCH-002) › searching for "needle" finds 1 result from the second section (2.3s)
  ✓   96 [chromium] › tests\search\31-search-notebook.spec.ts:72:3 › 31 - Search Notebook (REQ-SEARCH-002) › clicking a result navigates to the target page (2.9s)
  ✓   97 [chromium] › tests\search\34-search-active-page.spec.ts:17:3 › 34 - Search Active Page Unsaved Nodes › notebook search finds text on current page without saving first (2.6s)
  ✓   98 [chromium] › tests\search\76-find-replace.spec.ts:14:3 › 76 - Find & Replace › Replace All updates all matching text nodes (2.5s)
  ✓   99 [chromium] › tests\search\76-find-replace.spec.ts:66:3 › 76 - Find & Replace › Toggle replace shows/hides replace input (1.8s)
  ✓  100 [chromium] › tests\shapes\51-shape-create.spec.ts:60:5 › 51 - Shape Create (REQ-SHAPE-001..003, 008..011, 013, 015) › adding a rect shape via store creates a node (1.1s)
  ✓  101 [chromium] › tests\shapes\51-shape-create.spec.ts:60:5 › 51 - Shape Create (REQ-SHAPE-001..003, 008..011, 013, 015) › adding a circle shape via store creates a node (1.4s)
  ✓  102 [chromium] › tests\shapes\51-shape-create.spec.ts:60:5 › 51 - Shape Create (REQ-SHAPE-001..003, 008..011, 013, 015) › adding a triangle shape via store creates a node (1.3s)
  ✓  103 [chromium] › tests\shapes\51-shape-create.spec.ts:60:5 › 51 - Shape Create (REQ-SHAPE-001..003, 008..011, 013, 015) › adding a arrow shape via store creates a node (1.4s)
  ✓  104 [chromium] › tests\shapes\51-shape-create.spec.ts:60:5 › 51 - Shape Create (REQ-SHAPE-001..003, 008..011, 013, 015) › adding a line shape via store creates a node (1.5s)
  ✓  105 [chromium] › tests\shapes\51-shape-create.spec.ts:71:3 › 51 - Shape Create (REQ-SHAPE-001..003, 008..011, 013, 015) › shape node has correct initial properties (REQ-SHAPE-003) (1.1s)
  ✓  106 [chromium] › tests\shapes\51-shape-create.spec.ts:101:3 › 51 - Shape Create (REQ-SHAPE-001..003, 008..011, 013, 015) › shape node is selectable by clicking (REQ-SHAPE-008) (1.4s)
  ✓  107 [chromium] › tests\shapes\51-shape-create.spec.ts:120:3 › 51 - Shape Create (REQ-SHAPE-001..003, 008..011, 013, 015) › shape node is deleted with Delete key (REQ-SHAPE-011) (1.3s)
  ✓  108 [chromium] › tests\shapes\51-shape-create.spec.ts:147:3 › 51 - Shape Create (REQ-SHAPE-001..003, 008..011, 013, 015) › copy-paste duplicates shape with offset (REQ-SHAPE-013) (1.3s)
  ✓  109 [chromium] › tests\shapes\51-shape-create.spec.ts:188:3 › 51 - Shape Create (REQ-SHAPE-001..003, 008..011, 013, 015) › shape default layer is 3 (z-index system) (1.3s)
  ✓  110 [chromium] › tests\shapes\51-shape-create.spec.ts:198:3 › 51 - Shape Create (REQ-SHAPE-001..003, 008..011, 013, 015) › shape survives page save/reload (REQ-SHAPE-015) (1.3s)
  ✓  111 [chromium] › tests\shapes\51-shape-create.spec.ts:248:3 › 51 - Shape Create (REQ-SHAPE-001..003, 008..011, 013, 015) › multiple shapes can coexist on canvas (1.4s)
  ✓  112 [chromium] › tests\shapes\52-shape-toolbar.spec.ts:19:3 › 52 - Shape Toolbar (REQ-SHAPE-004..007, 012) › shape toolbar appears when shape tool is activated (REQ-SHAPE-012) (1.3s)
  ✓  113 [chromium] › tests\shapes\52-shape-toolbar.spec.ts:31:3 › 52 - Shape Toolbar (REQ-SHAPE-004..007, 012) › shape toolbar has all five shape type buttons (REQ-SHAPE-012) (1.3s)
  ✓  114 [chromium] › tests\shapes\52-shape-toolbar.spec.ts:40:3 › 52 - Shape Toolbar (REQ-SHAPE-004..007, 012) › shape toolbar has fill toggle control (REQ-SHAPE-004) (1.3s)
  ✓  115 [chromium] › tests\shapes\52-shape-toolbar.spec.ts:47:3 › 52 - Shape Toolbar (REQ-SHAPE-004..007, 012) › clicking shape type button updates tool store (REQ-SHAPE-012) (2.2s)
  ✓  116 [chromium] › tests\shapes\52-shape-toolbar.spec.ts:63:3 › 52 - Shape Toolbar (REQ-SHAPE-004..007, 012) › shape options default values are correct (2.1s)
  ✓  117 [chromium] › tests\shapes\52-shape-toolbar.spec.ts:76:3 › 52 - Shape Toolbar (REQ-SHAPE-004..007, 012) › shape toolbar appears when a shape node is selected (REQ-SHAPE-012) (2.7s)
  ✓  118 [chromium] › tests\shapes\52-shape-toolbar.spec.ts:112:3 › 52 - Shape Toolbar (REQ-SHAPE-004..007, 012) › toggling shape tool off keeps toolbar visible (persistence) (2.2s)
  ✓  119 [chromium] › tests\shapes\52-shape-toolbar.spec.ts:126:3 › 52 - Shape Toolbar (REQ-SHAPE-004..007, 012) › shape type buttons cycle through all types correctly (4.3s)
  ✓  120 [chromium] › tests\shapes\53-shape-context-menu.spec.ts:40:3 › 53 - Shape Context Menu (REQ-SHAPE-014) › right-clicking a shape shows the context menu (2.8s)
  ✓  121 [chromium] › tests\shapes\53-shape-context-menu.spec.ts:51:3 › 53 - Shape Context Menu (REQ-SHAPE-014) › context menu has layer buttons 1-5 (REQ-SHAPE-014) (2.1s)
  ✓  122 [chromium] › tests\shapes\53-shape-context-menu.spec.ts:63:3 › 53 - Shape Context Menu (REQ-SHAPE-014) › changing layer via context menu updates the node (2.3s)
  ✓  123 [chromium] › tests\shapes\53-shape-context-menu.spec.ts:82:3 › 53 - Shape Context Menu (REQ-SHAPE-014) › context menu closes on Escape (2.1s)
  ✓  124 [chromium] › tests\shapes\53-shape-context-menu.spec.ts:95:3 › 53 - Shape Context Menu (REQ-SHAPE-014) › delete from context menu removes the shape (2.4s)
  ✓  125 [chromium] › tests\shapes\54-shape-click-drag.spec.ts:22:3 › 54 - Shape Click+Drag Creation (REQ-SHAPE-001..003) › drag creates a rectangle with correct position and size (1.9s)
  ✓  126 [chromium] › tests\shapes\54-shape-click-drag.spec.ts:42:3 › 54 - Shape Click+Drag Creation (REQ-SHAPE-001..003) › drag creates a circle (1.9s)
  ✓  127 [chromium] › tests\shapes\54-shape-click-drag.spec.ts:59:3 › 54 - Shape Click+Drag Creation (REQ-SHAPE-001..003) › drag creates a triangle (1.9s)
  ✓  128 [chromium] › tests\shapes\54-shape-click-drag.spec.ts:76:3 › 54 - Shape Click+Drag Creation (REQ-SHAPE-001..003) › drag creates an arrow with correct direction (2.0s)
  ✓  129 [chromium] › tests\shapes\54-shape-click-drag.spec.ts:96:3 › 54 - Shape Click+Drag Creation (REQ-SHAPE-001..003) › drag creates a line (1.8s)
  ✓  130 [chromium] › tests\shapes\54-shape-click-drag.spec.ts:113:3 › 54 - Shape Click+Drag Creation (REQ-SHAPE-001..003) › small click (no drag) does NOT create a shape (1.8s)
  ✓  131 [chromium] › tests\shapes\54-shape-click-drag.spec.ts:123:3 › 54 - Shape Click+Drag Creation (REQ-SHAPE-001..003) › arrow dragged right-to-left has negative width (1.6s)
  ✓  132 [chromium] › tests\shapes\54-shape-drag-create.spec.ts:71:3 › 54 - Shape Drag Create (REQ-SHAPE-001..003) › drag creates a rectangle with correct dimensions (2.0s)
  ✓  133 [chromium] › tests\shapes\54-shape-drag-create.spec.ts:85:3 › 54 - Shape Drag Create (REQ-SHAPE-001..003) › drag creates a circle (1.9s)
  ✓  134 [chromium] › tests\shapes\54-shape-drag-create.spec.ts:96:3 › 54 - Shape Drag Create (REQ-SHAPE-001..003) › drag creates a triangle (1.8s)
  ✓  135 [chromium] › tests\shapes\54-shape-drag-create.spec.ts:105:3 › 54 - Shape Drag Create (REQ-SHAPE-001..003) › arrow preserves signed dimensions for direction (left→right, upward) (1.9s)
  ✓  136 [chromium] › tests\shapes\54-shape-drag-create.spec.ts:121:3 › 54 - Shape Drag Create (REQ-SHAPE-001..003) › line preserves signed dimensions for direction (2.1s)
  ✓  137 [chromium] › tests\shapes\54-shape-drag-create.spec.ts:135:3 › 54 - Shape Drag Create (REQ-SHAPE-001..003) › tiny drag (< 5px) does NOT create a shape (1.8s)
  ✓  138 [chromium] › tests\shapes\54-shape-drag-create.spec.ts:143:3 › 54 - Shape Drag Create (REQ-SHAPE-001..003) › multiple shapes created consecutively (2.0s)
  ✓  139 [chromium] › tests\shapes\54-shape-drag-create.spec.ts:160:3 › 54 - Shape Drag Create (REQ-SHAPE-001..003) › reverse drag (bottom-right to top-left) creates valid rect (2.1s)
  ✓  140 [chromium] › tests\shapes\55-shape-mode-isolation.spec.ts:30:3 › 55 - Shape Mode Isolation (REQ-SHAPE-007) › shapes are selectable in select mode (1.8s)
  ✓  141 [chromium] › tests\shapes\55-shape-mode-isolation.spec.ts:44:3 › 55 - Shape Mode Isolation (REQ-SHAPE-007) › shapes are selectable in shape mode (1.7s)
  ✓  142 [chromium] › tests\shapes\55-shape-mode-isolation.spec.ts:54:3 › 55 - Shape Mode Isolation (REQ-SHAPE-007) › text nodes have layer 4 by default (above shapes) (1.3s)
  ✓  143 [chromium] › tests\shapes\55-shape-mode-isolation.spec.ts:63:3 › 55 - Shape Mode Isolation (REQ-SHAPE-007) › multi-select with Ctrl+Click works in select mode (1.3s)
  ✓  144 [chromium] › tests\shapes\56-shape-styling.spec.ts:26:3 › 56 - Shape Styling (REQ-SHAPE-004, REQ-SHAPE-005, REQ-SHAPE-013) › updating fill via store changes shape data (1.2s)
  ✓  145 [chromium] › tests\shapes\56-shape-styling.spec.ts:39:3 › 56 - Shape Styling (REQ-SHAPE-004, REQ-SHAPE-005, REQ-SHAPE-013) › updating stroke color changes shape data (1.2s)
  ✓  146 [chromium] › tests\shapes\56-shape-styling.spec.ts:51:3 › 56 - Shape Styling (REQ-SHAPE-004, REQ-SHAPE-005, REQ-SHAPE-013) › updating strokeWidth changes shape data (1.2s)
  ✓  147 [chromium] › tests\shapes\56-shape-styling.spec.ts:63:3 › 56 - Shape Styling (REQ-SHAPE-004, REQ-SHAPE-005, REQ-SHAPE-013) › updating dash style changes shape data (1.0s)
  ✓  148 [chromium] › tests\shapes\56-shape-styling.spec.ts:75:3 › 56 - Shape Styling (REQ-SHAPE-004, REQ-SHAPE-005, REQ-SHAPE-013) › changing shape type on selected shape updates it (971ms)
  ✓  149 [chromium] › tests\shapes\56-shape-styling.spec.ts:89:3 › 56 - Shape Styling (REQ-SHAPE-004, REQ-SHAPE-005, REQ-SHAPE-013) › shape defaults apply from tool store when no shape selected (911ms)
  ✓  150 [chromium] › tests\shapes\63-shape-resize.spec.ts:39:3 › 63 - Shape Resize (REQ-SHAPE-010) › shape has transformer when selected (1.8s)
  ✓  151 [chromium] › tests\shapes\63-shape-resize.spec.ts:61:3 › 63 - Shape Resize (REQ-SHAPE-010) › shape dimensions update in store after resize via store (1.4s)
  ✓  152 [chromium] › tests\shapes\63-shape-resize.spec.ts:88:3 › 63 - Shape Resize (REQ-SHAPE-010) › shape position is preserved after resize (1.5s)
  ✓  153 [chromium] › tests\shapes\63-shape-resize.spec.ts:113:3 › 63 - Shape Resize (REQ-SHAPE-010) › circle shape can be resized (1.8s)
  ✓  154 [chromium] › tests\shapes\63-shape-resize.spec.ts:139:3 › 63 - Shape Resize (REQ-SHAPE-010) › triangle shape can be resized (1.6s)
  ✓  155 [chromium] › tests\shapes\63-shape-resize.spec.ts:163:3 › 63 - Shape Resize (REQ-SHAPE-010) › resized shape data properties are preserved (1.6s)
  ✓  156 [chromium] › tests\text\03-text-place.spec.ts:18:3 › 03 - Text Place (REQ-TEXT-001, REQ-TEXT-002) › clicking canvas with text tool adds a text node (1.4s)
  ✓  157 [chromium] › tests\text\03-text-place.spec.ts:37:3 › 03 - Text Place (REQ-TEXT-001, REQ-TEXT-002) › newly placed text has correct initial properties (1.3s)
  ✓  158 [chromium] › tests\text\03-text-place.spec.ts:51:3 › 03 - Text Place (REQ-TEXT-001, REQ-TEXT-002) › textarea appears after placing text (auto-edit mode) (1.1s)
  ✓  159 [chromium] › tests\text\03-text-place.spec.ts:60:3 › 03 - Text Place (REQ-TEXT-001, REQ-TEXT-002) › placed text node is selected in the store (1.3s)
  ✓  160 [chromium] › tests\text\04-text-edit.spec.ts:18:3 › 04 - Text Edit (REQ-TEXT-003, REQ-TEXT-004, REQ-TEXT-005) › Enter commits text to store (1.2s)
  ✓  161 [chromium] › tests\text\04-text-edit.spec.ts:35:3 › 04 - Text Edit (REQ-TEXT-003, REQ-TEXT-004, REQ-TEXT-005) › Escape exits editing mode (blur commits text) (1.3s)
  ✓  162 [chromium] › tests\text\04-text-edit.spec.ts:57:3 › 04 - Text Edit (REQ-TEXT-003, REQ-TEXT-004, REQ-TEXT-005) › blur commits text to store (1.4s)
  ✓  163 [chromium] › tests\text\04-text-edit.spec.ts:75:3 › 04 - Text Edit (REQ-TEXT-003, REQ-TEXT-004, REQ-TEXT-005) › double-click on existing text re-enters edit mode (1.4s)
  ✓  164 [chromium] › tests\text\05-text-drag.spec.ts:17:3 › 05 - Text Drag (REQ-TEXT-006) › dragging a text block updates its position in the store (2.2s)
  ✓  165 [chromium] › tests\text\06-text-delete.spec.ts:18:3 › 06 - Text Delete (REQ-TEXT-009, REQ-TEXT-010) › Delete key removes selected text node (2.2s)
  ✓  166 [chromium] › tests\text\06-text-delete.spec.ts:53:3 › 06 - Text Delete (REQ-TEXT-009, REQ-TEXT-010) › T key toggles text tool (1.0s)
  ✓  167 [chromium] › tests\text\16-text-resize-reflow.spec.ts:19:3 › 16 - Text Resize Reflow (REQ-TEXT-008) › placed text node has default width of 200 (1.6s)
  ✓  168 [chromium] › tests\text\16-text-resize-reflow.spec.ts:37:3 › 16 - Text Resize Reflow (REQ-TEXT-008) › placed text with long content has positive height (1.5s)
  ✓  169 [chromium] › tests\text\16-text-resize-reflow.spec.ts:56:3 › 16 - Text Resize Reflow (REQ-TEXT-008) › text node height scales with content length (1.3s)
  ✓  170 [chromium] › tests\text\21-text-auto-width.spec.ts:16:3 › 21 - Text Auto-Width (REQ-TEXT-020) › short text has small width (1.5s)
  ✓  171 [chromium] › tests\text\21-text-auto-width.spec.ts:33:3 › 21 - Text Auto-Width (REQ-TEXT-020) › long text has larger width (1.4s)
  ✓  172 [chromium] › tests\text\21-text-auto-width.spec.ts:49:3 › 21 - Text Auto-Width (REQ-TEXT-020) › width is capped at 800px (967ms)
  ✓  173 [chromium] › tests\text\22-undo-redo.spec.ts:17:3 › 22 - Undo/Redo (REQ-CANVAS-007) › undo removes a placed text block (2.1s)
  ✓  174 [chromium] › tests\text\22-undo-redo.spec.ts:42:3 › 22 - Undo/Redo (REQ-CANVAS-007) › redo restores an undone text block (2.2s)
  ✓  175 [chromium] › tests\text\22-undo-redo.spec.ts:72:3 › 22 - Undo/Redo (REQ-CANVAS-007) › undo reverts a text placement+edit as single action (2.4s)
  ✓  176 [chromium] › tests\text\22-undo-redo.spec.ts:94:3 › 22 - Undo/Redo (REQ-CANVAS-007) › multiple undos: place 3 texts, undo 3 times → 0 nodes (1.9s)
  ✓  177 [chromium] › tests\text\22-undo-redo.spec.ts:127:3 › 22 - Undo/Redo (REQ-CANVAS-007) › undo stack clears on page switch (4.3s)
  ✓  178 [chromium] › tests\text\23-copy-paste.spec.ts:17:3 › 23 - Copy/Paste (REQ-TEXT-014) › Ctrl+C then Ctrl+V duplicates selected text node (3.1s)
  ✓  179 [chromium] › tests\text\23-copy-paste.spec.ts:47:3 › 23 - Copy/Paste (REQ-TEXT-014) › pasted node is offset by 20px from original (1.6s)
  ✓  180 [chromium] › tests\text\23-copy-paste.spec.ts:77:3 › 23 - Copy/Paste (REQ-TEXT-014) › pasted node has same text content as original (1.8s)
  ✓  181 [chromium] › tests\text\23-copy-paste.spec.ts:103:3 › 23 - Copy/Paste (REQ-TEXT-014) › pasted node is selected, original is deselected (1.8s)
  ✓  182 [chromium] › tests\text\24-multi-select.spec.ts:42:3 › 24 - Multi-Select (REQ-TEXT-013) › clicking first node selects only it (1.5s)
  ✓  183 [chromium] › tests\text\24-multi-select.spec.ts:54:3 › 24 - Multi-Select (REQ-TEXT-013) › Ctrl+Click second node adds it to selection (1.7s)
  ✓  184 [chromium] › tests\text\24-multi-select.spec.ts:73:3 › 24 - Multi-Select (REQ-TEXT-013) › Ctrl+Click on selected node deselects it (1.4s)
  ✓  185 [chromium] › tests\text\24-multi-select.spec.ts:95:3 › 24 - Multi-Select (REQ-TEXT-013) › delete with 2 selected removes both (1.6s)
  ✓  186 [chromium] › tests\text\25-select-all.spec.ts:34:3 › 25 - Select All (REQ-TEXT-015) › Ctrl+A selects all 3 nodes (1.6s)
  ✓  187 [chromium] › tests\text\25-select-all.spec.ts:45:3 › 25 - Select All (REQ-TEXT-015) › delete after select all removes all nodes (1.9s)
  ✓  188 [chromium] › tests\text\26-selection-actions.spec.ts:18:3 › 26 - Selection Actions › selection actions panel visible when node is selected (1.3s)
  ✓  189 [chromium] › tests\text\26-selection-actions.spec.ts:38:3 › 26 - Selection Actions › shows "1 selected" text (1.6s)
  ✓  190 [chromium] › tests\text\26-selection-actions.spec.ts:58:3 › 26 - Selection Actions › trash button deletes the selected node (1.7s)
  ✓  191 [chromium] › tests\text\26-selection-actions.spec.ts:82:3 › 26 - Selection Actions › panel hides when no nodes are selected (2.1s)
  ✓  192 [chromium] › tests\text\27-markdown-rendering.spec.ts:17:3 › 27 - Markdown Rendering (REQ-TEXT-016) › renders markdown headers, bold, and italic (1.8s)
  ✓  193 [chromium] › tests\text\27-markdown-rendering.spec.ts:55:3 › 27 - Markdown Rendering (REQ-TEXT-016) › renders bullet list from markdown (2.0s)
  ✓  194 [chromium] › tests\text\28-markdown-checkboxes.spec.ts:39:3 › 28 - Markdown Checkboxes (REQ-TEXT-021) › renders two checkbox inputs (1.7s)
  ✓  195 [chromium] › tests\text\28-markdown-checkboxes.spec.ts:44:3 › 28 - Markdown Checkboxes (REQ-TEXT-021) › first checkbox is unchecked, second is checked (1.7s)
  ✓  196 [chromium] › tests\text\28-markdown-checkboxes.spec.ts:56:3 › 28 - Markdown Checkboxes (REQ-TEXT-021) › clicking unchecked checkbox toggles it in the store (2.0s)
  ✓  197 [chromium] › tests\text\29-one-shot-tool.spec.ts:18:3 › 29 - One-Shot Tool (REQ-TEXT-011) › activating text tool sets tool store to text (900ms)
  ✓  198 [chromium] › tests\text\29-one-shot-tool.spec.ts:26:3 › 29 - One-Shot Tool (REQ-TEXT-011) › placing text reverts tool to select (1.4s)
  ✓  199 [chromium] › tests\text\29-one-shot-tool.spec.ts:35:3 › 29 - One-Shot Tool (REQ-TEXT-011) › next click on canvas does NOT create another text node (1.7s)
  ✓  200 [chromium] › tests\text\32-text-editor-features.spec.ts:18:3 › 32 - Text Editor Features (REQ-TEXT-017, REQ-TEXT-018) › Enter auto-continues bullet list (1.5s)
  ✓  201 [chromium] › tests\text\32-text-editor-features.spec.ts:39:3 › 32 - Text Editor Features (REQ-TEXT-017, REQ-TEXT-018) › Shift+Tab removes indent from current line (1.5s)
  ✓  202 [chromium] › tests\text\58-text-markdown-advanced.spec.ts:40:3 › 58 - Advanced Markdown Rendering (REQ-TEXT-016) › renders markdown table as HTML table (1.5s)
  ✓  203 [chromium] › tests\text\58-text-markdown-advanced.spec.ts:60:3 › 58 - Advanced Markdown Rendering (REQ-TEXT-016) › renders fenced code block with code styling (1.2s)
  ✓  204 [chromium] › tests\text\58-text-markdown-advanced.spec.ts:75:3 › 58 - Advanced Markdown Rendering (REQ-TEXT-016) › renders inline code with code element (1.4s)
  ✓  205 [chromium] › tests\text\58-text-markdown-advanced.spec.ts:87:3 › 58 - Advanced Markdown Rendering (REQ-TEXT-016) › renders blockquotes properly (1.2s)
  ✓  206 [chromium] › tests\text\58-text-markdown-advanced.spec.ts:99:3 › 58 - Advanced Markdown Rendering (REQ-TEXT-016) › renders nested lists properly (1.0s)
  ✓  207 [chromium] › tests\text\58-text-markdown-advanced.spec.ts:115:3 › 58 - Advanced Markdown Rendering (REQ-TEXT-016) › renders numbered list (1.4s)
  ✓  208 [chromium] › tests\text\58-text-markdown-advanced.spec.ts:131:3 › 58 - Advanced Markdown Rendering (REQ-TEXT-016) › renders horizontal rule (1.4s)
  ✓  209 [chromium] › tests\text\58-text-markdown-advanced.spec.ts:143:3 › 58 - Advanced Markdown Rendering (REQ-TEXT-016) › renders links as anchor tags (1.2s)
  ✓  210 [chromium] › tests\text\58-text-markdown-advanced.spec.ts:155:3 › 58 - Advanced Markdown Rendering (REQ-TEXT-016) › renders combined markdown (headers + lists + bold) (1.2s)
  ✓  211 [chromium] › tests\text\59-text-multiselect-ops.spec.ts:36:3 › 59 - Multi-Select Operations (REQ-TEXT-013..015) › select 3 nodes, move all at once via store (1.1s)
  ✓  212 [chromium] › tests\text\59-text-multiselect-ops.spec.ts:70:3 › 59 - Multi-Select Operations (REQ-TEXT-013..015) › select 2 nodes, copy-paste creates 2 new nodes (1.1s)
  ✓  213 [chromium] › tests\text\59-text-multiselect-ops.spec.ts:100:3 › 59 - Multi-Select Operations (REQ-TEXT-013..015) › select all then delete clears canvas (1.6s)
  ✓  214 [chromium] › tests\text\59-text-multiselect-ops.spec.ts:121:3 › 59 - Multi-Select Operations (REQ-TEXT-013..015) › Ctrl+Click to add to selection (1.1s)
  ✓  215 [chromium] › tests\text\59-text-multiselect-ops.spec.ts:146:3 › 59 - Multi-Select Operations (REQ-TEXT-013..015) › Ctrl+Click to remove from selection (897ms)
  ✓  216 [chromium] › tests\text\59-text-multiselect-ops.spec.ts:173:3 › 59 - Multi-Select Operations (REQ-TEXT-013..015) › duplicate selected nodes creates copies at offset (1.3s)
  ✓  217 [chromium] › tests\text\59-text-multiselect-ops.spec.ts:193:3 › 59 - Multi-Select Operations (REQ-TEXT-013..015) › delete only selected nodes, leaves unselected intact (1.5s)
  ✓  218 [chromium] › tests\text\59-text-multiselect-ops.spec.ts:211:3 › 59 - Multi-Select Operations (REQ-TEXT-013..015) › selection count is correct after multiple operations (1.4s)
  ✓  219 [chromium] › tests\text\73-text-indent-nested.spec.ts:14:3 › 73 - Text Indent for Nested Lists › Tab on a bullet line indents it (nesting) (1.1s)
  ✓  220 [chromium] › tests\text\73-text-indent-nested.spec.ts:41:3 › 73 - Text Indent for Nested Lists › Tab on a checkbox line indents it (1.5s)
  ✓  221 [chromium] › tests\text\73-text-indent-nested.spec.ts:63:3 › 73 - Text Indent for Nested Lists › Shift+Tab on an indented line un-indents it (1.4s)
  ✓  222 [chromium] › tests\text\73-text-indent-nested.spec.ts:84:3 › 73 - Text Indent for Nested Lists › Tab at the middle of a line indents the line (cursor-agnostic) (1.4s)
  ✓  223 [chromium] › tests\text\75-tab-multiline.spec.ts:14:3 › 75 - Tab Multi-line Selection › Tab indents all selected lines (1.3s)
  ✓  224 [chromium] › tests\text\75-tab-multiline.spec.ts:36:3 › 75 - Tab Multi-line Selection › Shift+Tab un-indents all selected lines (1.0s)
  ✓  225 [chromium] › tests\text\75-tab-multiline.spec.ts:57:3 › 75 - Tab Multi-line Selection › Tab indents checkbox lines in multi-line selection (1.2s)
  ✓  226 [chromium] › tests\text\75-tab-multiline.spec.ts:80:3 › 75 - Tab Multi-line Selection › Shift+Tab on line with no indent is a no-op (1.5s)
  ✓  227 [chromium] › tests\text\75-tab-multiline.spec.ts:101:3 › 75 - Tab Multi-line Selection › Tab removes any selected text and replaces with indent (standard behavior) (1.4s)
  ✓  228 [chromium] › tests\text\78-math-latex.spec.ts:14:3 › 78 - Math/LaTeX Rendering › inline math $E = mc^2$ renders as KaTeX (1.5s)
  ✓  229 [chromium] › tests\text\78-math-latex.spec.ts:32:3 › 78 - Math/LaTeX Rendering › display math $$...$$ renders as block (1.4s)
  ✓  230 [chromium] › tests\text\78-math-latex.spec.ts:49:3 › 78 - Math/LaTeX Rendering › invalid math shows error (non-throwing) (1.4s)
  ✓  231 [chromium] › tests\toolbar\10-toolbar-show.spec.ts:19:3 › 10 - Toolbar Show (REQ-TOOL-001) › bottom toolbar is NOT visible initially (select tool, no selection) (592ms)
  ✓  232 [chromium] › tests\toolbar\10-toolbar-show.spec.ts:24:3 › 10 - Toolbar Show (REQ-TOOL-001) › activating text tool shows the bottom toolbar (752ms)
  ✓  233 [chromium] › tests\toolbar\10-toolbar-show.spec.ts:33:3 › 10 - Toolbar Show (REQ-TOOL-001) › deactivating text tool keeps toolbar visible (toolbar persistence) (705ms)
  ✓  234 [chromium] › tests\toolbar\10-toolbar-show.spec.ts:47:3 › 10 - Toolbar Show (REQ-TOOL-001) › selecting a text node shows the bottom toolbar (2.3s)
  ✓  235 [chromium] › tests\toolbar\11-toolbar-format.spec.ts:41:3 › 11 - Toolbar Format (REQ-TOOL-002..005) › changing font size updates node data (2.5s)
  ✓  236 [chromium] › tests\toolbar\11-toolbar-format.spec.ts:59:3 › 11 - Toolbar Format (REQ-TOOL-002..005) › clicking bold button toggles fontStyle to bold (2.2s)
  ✓  237 [chromium] › tests\toolbar\11-toolbar-format.spec.ts:72:3 › 11 - Toolbar Format (REQ-TOOL-002..005) › clicking color swatch changes fill color (2.3s)


  1) [chromium] › tests\demo\50-full-showcase.spec.ts:21:3 › 50 - Full PowerNote Showcase Demo › complete feature walkthrough 

    TimeoutError: page.waitForEvent: Timeout 5000ms exceeded while waiting for event "download"
    =========================== logs ===========================
    waiting for event "download"
    ============================================================

      381 |     // ═══════════════════════════════════════════════
      382 |
    > 383 |     const downloadPromise = page.waitForEvent('download');
          |                                  ^
      384 |     await page.click('[data-testid="save-btn"]');
      385 |     const download = await downloadPromise;
      386 |
        at C:\dev\private-repo\PowerNote\tests\demo\50-full-showcase.spec.ts:383:34

    Error Context: test-results\demo-50-full-showcase-50---4157b-omplete-feature-walkthrough-chromium\error-context.md

  2) [chromium] › tests\image\40-image-add.spec.ts:58:3 › 40 - Image Add (REQ-IMAGE-001, REQ-IMAGE-002) › image node survives save/load round-trip 

    TimeoutError: page.waitForEvent: Timeout 5000ms exceeded while waiting for event "download"
    =========================== logs ===========================
    waiting for event "download"
    ============================================================

      71 |
      72 |     // Export
    > 73 |     const downloadPromise = page.waitForEvent('download');
         |                                  ^
      74 |     await page.click('[data-testid="save-btn"]');
      75 |     const download = await downloadPromise;
      76 |
        at C:\dev\private-repo\PowerNote\tests\image\40-image-add.spec.ts:73:34

    Error Context: test-results\image-40-image-add-40---Im-674b7-rvives-save-load-round-trip-chromium\error-context.md

  2 failed
    [chromium] › tests\demo\50-full-showcase.spec.ts:21:3 › 50 - Full PowerNote Showcase Demo › complete feature walkthrough 
    [chromium] › tests\image\40-image-add.spec.ts:58:3 › 40 - Image Add (REQ-IMAGE-001, REQ-IMAGE-002) › image node survives save/load round-trip 
  235 passed (8.4m)
