
Running 1 test using 1 worker

[DEBUG after cycle 3 reopen] {
  "nodeCount": 3,
  "firstNodeType": "text",
  "firstNodeId": "title-node",
  "firstNodeTextStart": "# Low Voltage Motor Control for Electric Vehicles\n\n**Technical Report — Rev. 1.0",
  "wsSectionsCount": 3,
  "wsFilename": "Untitled Notebook"
}
  ✘  1 [chromium] › tests\file\38-workflow-persistence.spec.ts:81:3 › 38 - Workflow Persistence: EV Motor Control Report › complete 4-cycle save/reopen workflow with scientific content (11.6s)


  1) [chromium] › tests\file\38-workflow-persistence.spec.ts:81:3 › 38 - Workflow Persistence: EV Motor Control Report › complete 4-cycle save/reopen workflow with scientific content 

    Error: [2mexpect([22m[31mreceived[39m[2m).[22mtoContain[2m([22m[32mexpected[39m[2m) // indexOf[22m

    Expected substring: [32m"Rev. 2.0"[39m
    Received string:    [31m"# Low Voltage Motor Control for Electric Vehicles·[39m
    [31m**Technical Report — Rev. 1.0**·[39m
    [31mAuthor: PowerNote Research Team[39m
    [31mDate: March 2026"[39m

      265 |     // Verify modifications persisted
      266 |     cs = await getCanvasStore(page);
    > 267 |     expect(cs.nodes[0].data.text).toContain('Rev. 2.0');
          |                                   ^
      268 |
      269 |     // Change the title node color to blue
      270 |     await page.evaluate(() => {
        at C:\dev\private-repo\PowerNote\tests\file\38-workflow-persistence.spec.ts:267:35

    Error Context: test-results\file-38-workflow-persisten-5b238-low-with-scientific-content-chromium\error-context.md

  1 failed
    [chromium] › tests\file\38-workflow-persistence.spec.ts:81:3 › 38 - Workflow Persistence: EV Motor Control Report › complete 4-cycle save/reopen workflow with scientific content 
